Epoch 1 
 ㅡㅡㅡㅡㅡㅡㅡㅡㅡㅡㅡㅡㅡㅡㅡㅡㅡㅡㅡㅡㅡㅡㅡㅡㅡㅡㅡ
Loss : 1.946775     0 / 139386
Loss : 0.464900 12800 / 139386
Loss : 0.369813 25600 / 139386
Loss : 0.515279 38400 / 139386
Loss : 0.315104 51200 / 139386
Loss : 0.538968 64000 / 139386
Loss : 0.394822 76800 / 139386
Loss : 0.345632 89600 / 139386
Loss : 0.575950 102400 / 139386
Loss : 0.402553 115200 / 139386
Loss : 0.212847 128000 / 139386
Test Error: 
 Accuracy: 90.0%, Avg loss: 0.276565 

Used Time : 0m 51.51s
Epoch 2 
 ㅡㅡㅡㅡㅡㅡㅡㅡㅡㅡㅡㅡㅡㅡㅡㅡㅡㅡㅡㅡㅡㅡㅡㅡㅡㅡㅡ
Loss : 0.423201     0 / 139386
Loss : 0.304702 12800 / 139386
Loss : 0.271357 25600 / 139386
Loss : 0.241385 38400 / 139386
Loss : 0.239579 51200 / 139386
Loss : 0.285295 64000 / 139386
Loss : 0.561479 76800 / 139386
Loss : 0.176354 89600 / 139386
Loss : 0.277604 102400 / 139386
Loss : 0.235509 115200 / 139386
Loss : 0.294657 128000 / 139386
Test Error: 
 Accuracy: 91.5%, Avg loss: 0.239719 

Used Time : 0m 50.60s
Epoch 3 
 ㅡㅡㅡㅡㅡㅡㅡㅡㅡㅡㅡㅡㅡㅡㅡㅡㅡㅡㅡㅡㅡㅡㅡㅡㅡㅡㅡ
Loss : 0.186149     0 / 139386
Loss : 0.198877 12800 / 139386
Loss : 0.357748 25600 / 139386
Loss : 0.214280 38400 / 139386
Loss : 0.374415 51200 / 139386
Loss : 0.190606 64000 / 139386
Loss : 0.181286 76800 / 139386
Loss : 0.268765 89600 / 139386
Loss : 0.160584 102400 / 139386
Loss : 0.331722 115200 / 139386
Loss : 0.150909 128000 / 139386
Test Error: 
 Accuracy: 91.8%, Avg loss: 0.231414 

Used Time : 0m 51.11s
Epoch 4 
 ㅡㅡㅡㅡㅡㅡㅡㅡㅡㅡㅡㅡㅡㅡㅡㅡㅡㅡㅡㅡㅡㅡㅡㅡㅡㅡㅡ
Loss : 0.267037     0 / 139386
Loss : 0.348401 12800 / 139386
Loss : 0.166167 25600 / 139386
Loss : 0.120012 38400 / 139386
Loss : 0.310154 51200 / 139386
Loss : 0.279530 64000 / 139386
Loss : 0.208306 76800 / 139386
Loss : 0.307794 89600 / 139386
Loss : 0.185484 102400 / 139386
Loss : 0.519014 115200 / 139386
Loss : 0.273789 128000 / 139386
Test Error: 
 Accuracy: 92.4%, Avg loss: 0.207889 

Used Time : 0m 50.75s
Epoch 5 
 ㅡㅡㅡㅡㅡㅡㅡㅡㅡㅡㅡㅡㅡㅡㅡㅡㅡㅡㅡㅡㅡㅡㅡㅡㅡㅡㅡ
Loss : 0.182013     0 / 139386
Loss : 0.218756 12800 / 139386
Loss : 0.229289 25600 / 139386
Loss : 0.392575 38400 / 139386
Loss : 0.278731 51200 / 139386
Loss : 0.221944 64000 / 139386
Loss : 0.236999 76800 / 139386
Loss : 0.159329 89600 / 139386
Loss : 0.130609 102400 / 139386
Loss : 0.303621 115200 / 139386
Loss : 0.211745 128000 / 139386
Test Error: 
 Accuracy: 92.5%, Avg loss: 0.203859 

Used Time : 0m 50.36s
Epoch 6 
 ㅡㅡㅡㅡㅡㅡㅡㅡㅡㅡㅡㅡㅡㅡㅡㅡㅡㅡㅡㅡㅡㅡㅡㅡㅡㅡㅡ
Loss : 0.185983     0 / 139386
Loss : 0.138446 12800 / 139386
Loss : 0.046128 25600 / 139386
Loss : 0.220019 38400 / 139386
Loss : 0.309698 51200 / 139386
Loss : 0.431371 64000 / 139386
Loss : 0.340880 76800 / 139386
Loss : 0.320418 89600 / 139386
Loss : 0.130852 102400 / 139386
Loss : 0.334913 115200 / 139386
Loss : 0.175242 128000 / 139386
Test Error: 
 Accuracy: 92.7%, Avg loss: 0.191772 

Used Time : 0m 50.45s
Epoch 7 
 ㅡㅡㅡㅡㅡㅡㅡㅡㅡㅡㅡㅡㅡㅡㅡㅡㅡㅡㅡㅡㅡㅡㅡㅡㅡㅡㅡ
Loss : 0.207367     0 / 139386
Loss : 0.491032 12800 / 139386
Loss : 0.271254 25600 / 139386
Loss : 0.123345 38400 / 139386
Loss : 0.122485 51200 / 139386
Loss : 0.202163 64000 / 139386
Loss : 0.140981 76800 / 139386
Loss : 0.151736 89600 / 139386
Loss : 0.119977 102400 / 139386
Loss : 0.196065 115200 / 139386
Loss : 0.348284 128000 / 139386
Test Error: 
 Accuracy: 92.9%, Avg loss: 0.187105 

Used Time : 0m 50.97s
Epoch 8 
 ㅡㅡㅡㅡㅡㅡㅡㅡㅡㅡㅡㅡㅡㅡㅡㅡㅡㅡㅡㅡㅡㅡㅡㅡㅡㅡㅡ
Loss : 0.099672     0 / 139386
Loss : 0.321267 12800 / 139386
Loss : 0.200895 25600 / 139386
Loss : 0.307802 38400 / 139386
Loss : 0.169327 51200 / 139386
Loss : 0.272898 64000 / 139386
Loss : 0.233232 76800 / 139386
Loss : 0.244667 89600 / 139386
Loss : 0.230368 102400 / 139386
Loss : 0.299378 115200 / 139386
Loss : 0.062935 128000 / 139386
Test Error: 
 Accuracy: 92.7%, Avg loss: 0.190506 

Used Time : 0m 50.68s
Epoch 9 
 ㅡㅡㅡㅡㅡㅡㅡㅡㅡㅡㅡㅡㅡㅡㅡㅡㅡㅡㅡㅡㅡㅡㅡㅡㅡㅡㅡ
Loss : 0.058569     0 / 139386
Loss : 0.215906 12800 / 139386
Loss : 0.240477 25600 / 139386
Loss : 0.162518 38400 / 139386
Loss : 0.140107 51200 / 139386
Loss : 0.177983 64000 / 139386
Loss : 0.175275 76800 / 139386
Loss : 0.127191 89600 / 139386
Loss : 0.260939 102400 / 139386
Loss : 0.060416 115200 / 139386
Loss : 0.301014 128000 / 139386
Test Error: 
 Accuracy: 92.4%, Avg loss: 0.199553 

Used Time : 0m 50.39s
Epoch 10 
 ㅡㅡㅡㅡㅡㅡㅡㅡㅡㅡㅡㅡㅡㅡㅡㅡㅡㅡㅡㅡㅡㅡㅡㅡㅡㅡㅡ
Loss : 0.304281     0 / 139386
Loss : 0.259056 12800 / 139386
Loss : 0.185803 25600 / 139386
Loss : 0.159319 38400 / 139386
Loss : 0.169870 51200 / 139386
Loss : 0.170804 64000 / 139386
Loss : 0.146096 76800 / 139386
Loss : 0.061276 89600 / 139386
Loss : 0.192070 102400 / 139386
Loss : 0.262407 115200 / 139386
Loss : 0.102762 128000 / 139386
Test Error: 
 Accuracy: 93.0%, Avg loss: 0.183901 

Used Time : 0m 50.29s
Epoch 11 
 ㅡㅡㅡㅡㅡㅡㅡㅡㅡㅡㅡㅡㅡㅡㅡㅡㅡㅡㅡㅡㅡㅡㅡㅡㅡㅡㅡ
Loss : 0.182801     0 / 139386
Loss : 0.166060 12800 / 139386
Loss : 0.221050 25600 / 139386
Loss : 0.136970 38400 / 139386
Loss : 0.183786 51200 / 139386
Loss : 0.129615 64000 / 139386
Loss : 0.276992 76800 / 139386
Loss : 0.266608 89600 / 139386
Loss : 0.034953 102400 / 139386
Loss : 0.175012 115200 / 139386
Loss : 0.332967 128000 / 139386
Test Error: 
 Accuracy: 93.1%, Avg loss: 0.178411 

Used Time : 0m 50.67s
Epoch 12 
 ㅡㅡㅡㅡㅡㅡㅡㅡㅡㅡㅡㅡㅡㅡㅡㅡㅡㅡㅡㅡㅡㅡㅡㅡㅡㅡㅡ
Loss : 0.394320     0 / 139386
Loss : 0.206440 12800 / 139386
Loss : 0.092514 25600 / 139386
Loss : 0.257998 38400 / 139386
Loss : 0.134813 51200 / 139386
Loss : 0.273069 64000 / 139386
Loss : 0.157889 76800 / 139386
Loss : 0.178006 89600 / 139386
Loss : 0.164933 102400 / 139386
Loss : 0.199234 115200 / 139386
Loss : 0.092269 128000 / 139386
Test Error: 
 Accuracy: 93.1%, Avg loss: 0.177378 

Used Time : 0m 50.65s
Epoch 13 
 ㅡㅡㅡㅡㅡㅡㅡㅡㅡㅡㅡㅡㅡㅡㅡㅡㅡㅡㅡㅡㅡㅡㅡㅡㅡㅡㅡ
Loss : 0.324504     0 / 139386
Loss : 0.302308 12800 / 139386
Loss : 0.150859 25600 / 139386
Loss : 0.288616 38400 / 139386
Loss : 0.121755 51200 / 139386
Loss : 0.262053 64000 / 139386
Loss : 0.136213 76800 / 139386
Loss : 0.440845 89600 / 139386
Loss : 0.124226 102400 / 139386
Loss : 0.178874 115200 / 139386
Loss : 0.210485 128000 / 139386
Test Error: 
 Accuracy: 93.2%, Avg loss: 0.174504 

Used Time : 0m 50.98s
Epoch 14 
 ㅡㅡㅡㅡㅡㅡㅡㅡㅡㅡㅡㅡㅡㅡㅡㅡㅡㅡㅡㅡㅡㅡㅡㅡㅡㅡㅡ
Loss : 0.184646     0 / 139386
Loss : 0.232232 12800 / 139386
Loss : 0.195413 25600 / 139386
Loss : 0.103091 38400 / 139386
Loss : 0.194529 51200 / 139386
Loss : 0.150627 64000 / 139386
Loss : 0.184997 76800 / 139386
Loss : 0.183183 89600 / 139386
Loss : 0.262619 102400 / 139386
Loss : 0.039776 115200 / 139386
Loss : 0.303400 128000 / 139386
Test Error: 
 Accuracy: 93.2%, Avg loss: 0.174536 

Used Time : 0m 50.61s
Epoch 15 
 ㅡㅡㅡㅡㅡㅡㅡㅡㅡㅡㅡㅡㅡㅡㅡㅡㅡㅡㅡㅡㅡㅡㅡㅡㅡㅡㅡ
Loss : 0.145236     0 / 139386
Loss : 0.457801 12800 / 139386
Loss : 0.200526 25600 / 139386
Loss : 0.468033 38400 / 139386
Loss : 0.216777 51200 / 139386
Loss : 0.244589 64000 / 139386
Loss : 0.374166 76800 / 139386
Loss : 0.044755 89600 / 139386
Loss : 0.295962 102400 / 139386
Loss : 0.073395 115200 / 139386
Loss : 0.556220 128000 / 139386
Test Error: 
 Accuracy: 92.8%, Avg loss: 0.185340 

Used Time : 0m 51.12s
Epoch 16 
 ㅡㅡㅡㅡㅡㅡㅡㅡㅡㅡㅡㅡㅡㅡㅡㅡㅡㅡㅡㅡㅡㅡㅡㅡㅡㅡㅡ
Loss : 0.364408     0 / 139386
Loss : 0.135536 12800 / 139386
Loss : 0.006159 25600 / 139386
Loss : 0.194273 38400 / 139386
Loss : 0.146612 51200 / 139386
Loss : 0.050991 64000 / 139386
Loss : 0.320570 76800 / 139386
Loss : 0.418572 89600 / 139386
Loss : 0.038371 102400 / 139386
Loss : 0.228005 115200 / 139386
Loss : 0.407463 128000 / 139386
Test Error: 
 Accuracy: 93.2%, Avg loss: 0.174550 

Used Time : 0m 50.37s
Epoch 17 
 ㅡㅡㅡㅡㅡㅡㅡㅡㅡㅡㅡㅡㅡㅡㅡㅡㅡㅡㅡㅡㅡㅡㅡㅡㅡㅡㅡ
Loss : 0.118084     0 / 139386
Loss : 0.142292 12800 / 139386
Loss : 0.136798 25600 / 139386
Loss : 0.084896 38400 / 139386
Loss : 0.079027 51200 / 139386
Loss : 0.184688 64000 / 139386
Loss : 0.172293 76800 / 139386
Loss : 0.147856 89600 / 139386
Loss : 0.284473 102400 / 139386
Loss : 0.120912 115200 / 139386
Loss : 0.204909 128000 / 139386
Test Error: 
 Accuracy: 93.3%, Avg loss: 0.174954 

Used Time : 0m 50.50s
Epoch 18 
 ㅡㅡㅡㅡㅡㅡㅡㅡㅡㅡㅡㅡㅡㅡㅡㅡㅡㅡㅡㅡㅡㅡㅡㅡㅡㅡㅡ
Loss : 0.201747     0 / 139386
Loss : 0.226455 12800 / 139386
Loss : 0.388304 25600 / 139386
Loss : 0.121215 38400 / 139386
Loss : 0.253494 51200 / 139386
Loss : 0.133255 64000 / 139386
Loss : 0.274266 76800 / 139386
Loss : 0.149153 89600 / 139386
Loss : 0.172358 102400 / 139386
Loss : 0.143742 115200 / 139386
Loss : 0.320287 128000 / 139386
Test Error: 
 Accuracy: 93.0%, Avg loss: 0.176592 

Used Time : 0m 50.81s
Epoch 19 
 ㅡㅡㅡㅡㅡㅡㅡㅡㅡㅡㅡㅡㅡㅡㅡㅡㅡㅡㅡㅡㅡㅡㅡㅡㅡㅡㅡ
Loss : 0.312126     0 / 139386
Loss : 0.225932 12800 / 139386
Loss : 0.177897 25600 / 139386
Loss : 0.282011 38400 / 139386
Loss : 0.173957 51200 / 139386
Loss : 0.239461 64000 / 139386
Loss : 0.294290 76800 / 139386
Loss : 0.180164 89600 / 139386
Loss : 0.132426 102400 / 139386
Loss : 0.136889 115200 / 139386
Loss : 0.166570 128000 / 139386
Test Error: 
 Accuracy: 93.3%, Avg loss: 0.169096 

Used Time : 0m 50.65s
Epoch 20 
 ㅡㅡㅡㅡㅡㅡㅡㅡㅡㅡㅡㅡㅡㅡㅡㅡㅡㅡㅡㅡㅡㅡㅡㅡㅡㅡㅡ
Loss : 0.092013     0 / 139386
Loss : 0.104466 12800 / 139386
Loss : 0.111229 25600 / 139386
Loss : 0.277812 38400 / 139386
Loss : 0.171338 51200 / 139386
Loss : 0.394416 64000 / 139386
Loss : 0.137717 76800 / 139386
Loss : 0.365892 89600 / 139386
Loss : 0.245160 102400 / 139386
Loss : 0.063737 115200 / 139386
Loss : 0.230745 128000 / 139386
Test Error: 
 Accuracy: 93.4%, Avg loss: 0.171182 

Used Time : 0m 50.66s
Epoch 21 
 ㅡㅡㅡㅡㅡㅡㅡㅡㅡㅡㅡㅡㅡㅡㅡㅡㅡㅡㅡㅡㅡㅡㅡㅡㅡㅡㅡ
Loss : 0.211021     0 / 139386
Loss : 0.079244 12800 / 139386
Loss : 0.172894 25600 / 139386
Loss : 0.193051 38400 / 139386
Loss : 0.441003 51200 / 139386
Loss : 0.131749 64000 / 139386
Loss : 0.116094 76800 / 139386
Loss : 0.167829 89600 / 139386
Loss : 0.183996 102400 / 139386
Loss : 0.150134 115200 / 139386
Loss : 0.197686 128000 / 139386
Test Error: 
 Accuracy: 93.4%, Avg loss: 0.171624 

Used Time : 0m 51.00s
Epoch 22 
 ㅡㅡㅡㅡㅡㅡㅡㅡㅡㅡㅡㅡㅡㅡㅡㅡㅡㅡㅡㅡㅡㅡㅡㅡㅡㅡㅡ
Loss : 0.251430     0 / 139386
Loss : 0.190314 12800 / 139386
Loss : 0.355828 25600 / 139386
Loss : 0.258960 38400 / 139386
Loss : 0.197182 51200 / 139386
Loss : 0.219988 64000 / 139386
Loss : 0.251238 76800 / 139386
Loss : 0.212950 89600 / 139386
Loss : 0.004758 102400 / 139386
Loss : 0.039724 115200 / 139386
Loss : 0.172248 128000 / 139386
Test Error: 
 Accuracy: 93.5%, Avg loss: 0.163611 

Used Time : 0m 50.19s
Epoch 23 
 ㅡㅡㅡㅡㅡㅡㅡㅡㅡㅡㅡㅡㅡㅡㅡㅡㅡㅡㅡㅡㅡㅡㅡㅡㅡㅡㅡ
Loss : 0.220318     0 / 139386
Loss : 0.148545 12800 / 139386
Loss : 0.140708 25600 / 139386
Loss : 0.125542 38400 / 139386
Loss : 0.083962 51200 / 139386
Loss : 0.252466 64000 / 139386
Loss : 0.124109 76800 / 139386
Loss : 0.085731 89600 / 139386
Loss : 0.088937 102400 / 139386
Loss : 0.098984 115200 / 139386
Loss : 0.121597 128000 / 139386
Test Error: 
 Accuracy: 93.1%, Avg loss: 0.172854 

Used Time : 0m 50.25s
Epoch 24 
 ㅡㅡㅡㅡㅡㅡㅡㅡㅡㅡㅡㅡㅡㅡㅡㅡㅡㅡㅡㅡㅡㅡㅡㅡㅡㅡㅡ
Loss : 0.060895     0 / 139386
Loss : 0.213359 12800 / 139386
Loss : 0.149239 25600 / 139386
Loss : 0.102911 38400 / 139386
Loss : 0.130637 51200 / 139386
Loss : 0.215818 64000 / 139386
Loss : 0.134520 76800 / 139386
Loss : 0.216253 89600 / 139386
Loss : 0.149655 102400 / 139386
Loss : 0.240538 115200 / 139386
Loss : 0.278565 128000 / 139386
Test Error: 
 Accuracy: 93.4%, Avg loss: 0.167027 

Used Time : 0m 50.88s
Epoch 25 
 ㅡㅡㅡㅡㅡㅡㅡㅡㅡㅡㅡㅡㅡㅡㅡㅡㅡㅡㅡㅡㅡㅡㅡㅡㅡㅡㅡ
Loss : 0.164779     0 / 139386
Loss : 0.185240 12800 / 139386
Loss : 0.246978 25600 / 139386
Loss : 0.218793 38400 / 139386
Loss : 0.137873 51200 / 139386
Loss : 0.116827 64000 / 139386
Loss : 0.519565 76800 / 139386
Loss : 0.215874 89600 / 139386
Loss : 0.106269 102400 / 139386
Loss : 0.223449 115200 / 139386
Loss : 0.395435 128000 / 139386
Test Error: 
 Accuracy: 93.4%, Avg loss: 0.165468 

Used Time : 0m 49.79s
Epoch 26 
 ㅡㅡㅡㅡㅡㅡㅡㅡㅡㅡㅡㅡㅡㅡㅡㅡㅡㅡㅡㅡㅡㅡㅡㅡㅡㅡㅡ
Loss : 0.186115     0 / 139386
Loss : 0.185596 12800 / 139386
Loss : 0.087386 25600 / 139386
Loss : 0.157298 38400 / 139386
Loss : 0.220278 51200 / 139386
Loss : 0.197731 64000 / 139386
Loss : 0.070139 76800 / 139386
Loss : 0.199894 89600 / 139386
Loss : 0.175765 102400 / 139386
Loss : 0.123346 115200 / 139386
Loss : 0.179070 128000 / 139386
Test Error: 
 Accuracy: 93.4%, Avg loss: 0.166709 

Used Time : 0m 50.37s
Epoch 27 
 ㅡㅡㅡㅡㅡㅡㅡㅡㅡㅡㅡㅡㅡㅡㅡㅡㅡㅡㅡㅡㅡㅡㅡㅡㅡㅡㅡ
Loss : 0.137725     0 / 139386
Loss : 0.199843 12800 / 139386
Loss : 0.067643 25600 / 139386
Loss : 0.040560 38400 / 139386
Loss : 0.237381 51200 / 139386
Loss : 0.111136 64000 / 139386
Loss : 0.225286 76800 / 139386
Loss : 0.300423 89600 / 139386
Loss : 0.151485 102400 / 139386
Loss : 0.073170 115200 / 139386
Loss : 0.327412 128000 / 139386
Test Error: 
 Accuracy: 93.1%, Avg loss: 0.173751 

Used Time : 0m 50.74s
Epoch 28 
 ㅡㅡㅡㅡㅡㅡㅡㅡㅡㅡㅡㅡㅡㅡㅡㅡㅡㅡㅡㅡㅡㅡㅡㅡㅡㅡㅡ
Loss : 0.066617     0 / 139386
Loss : 0.116187 12800 / 139386
Loss : 0.262284 25600 / 139386
Loss : 0.279188 38400 / 139386
Loss : 0.286953 51200 / 139386
Loss : 0.160784 64000 / 139386
Loss : 0.263472 76800 / 139386
Loss : 0.141075 89600 / 139386
Loss : 0.180948 102400 / 139386
Loss : 0.059840 115200 / 139386
Loss : 0.286334 128000 / 139386
Test Error: 
 Accuracy: 93.2%, Avg loss: 0.174806 

Used Time : 0m 50.55s
Epoch 29 
 ㅡㅡㅡㅡㅡㅡㅡㅡㅡㅡㅡㅡㅡㅡㅡㅡㅡㅡㅡㅡㅡㅡㅡㅡㅡㅡㅡ
Loss : 0.223207     0 / 139386
Loss : 0.285801 12800 / 139386
Loss : 0.149140 25600 / 139386
Loss : 0.095969 38400 / 139386
Loss : 0.246438 51200 / 139386
Loss : 0.075955 64000 / 139386
Loss : 0.126661 76800 / 139386
Loss : 0.296380 89600 / 139386
Loss : 0.071379 102400 / 139386
Loss : 0.143428 115200 / 139386
Loss : 0.288892 128000 / 139386
Test Error: 
 Accuracy: 93.3%, Avg loss: 0.165214 

Used Time : 0m 50.84s
Epoch 30 
 ㅡㅡㅡㅡㅡㅡㅡㅡㅡㅡㅡㅡㅡㅡㅡㅡㅡㅡㅡㅡㅡㅡㅡㅡㅡㅡㅡ
Loss : 0.156154     0 / 139386
Loss : 0.156088 12800 / 139386
Loss : 0.185157 25600 / 139386
Loss : 0.247923 38400 / 139386
Loss : 0.147662 51200 / 139386
Loss : 0.093079 64000 / 139386
Loss : 0.184724 76800 / 139386
Loss : 0.118596 89600 / 139386
Loss : 0.301805 102400 / 139386
Loss : 0.132349 115200 / 139386
Loss : 0.195384 128000 / 139386
Test Error: 
 Accuracy: 93.3%, Avg loss: 0.168893 

Used Time : 0m 50.25s
Epoch 31 
 ㅡㅡㅡㅡㅡㅡㅡㅡㅡㅡㅡㅡㅡㅡㅡㅡㅡㅡㅡㅡㅡㅡㅡㅡㅡㅡㅡ
Loss : 0.144411     0 / 139386
Loss : 0.181574 12800 / 139386
Loss : 0.250753 25600 / 139386
Loss : 0.186275 38400 / 139386
Loss : 0.043981 51200 / 139386
Loss : 0.336241 64000 / 139386
Loss : 0.160068 76800 / 139386
Loss : 0.116124 89600 / 139386
Loss : 0.132464 102400 / 139386
Loss : 0.099254 115200 / 139386
Loss : 0.255951 128000 / 139386
Test Error: 
 Accuracy: 93.4%, Avg loss: 0.173487 

Used Time : 0m 50.29s
Epoch 32 
 ㅡㅡㅡㅡㅡㅡㅡㅡㅡㅡㅡㅡㅡㅡㅡㅡㅡㅡㅡㅡㅡㅡㅡㅡㅡㅡㅡ
Loss : 0.288670     0 / 139386
Loss : 0.182815 12800 / 139386
Loss : 0.130214 25600 / 139386
Loss : 0.096262 38400 / 139386
Loss : 0.101335 51200 / 139386
Loss : 0.173520 64000 / 139386
Loss : 0.182845 76800 / 139386
Loss : 0.259871 89600 / 139386
Loss : 0.357226 102400 / 139386
Loss : 0.174595 115200 / 139386
Loss : 0.121959 128000 / 139386
Test Error: 
 Accuracy: 93.5%, Avg loss: 0.165973 

Used Time : 0m 50.47s
Epoch 33 
 ㅡㅡㅡㅡㅡㅡㅡㅡㅡㅡㅡㅡㅡㅡㅡㅡㅡㅡㅡㅡㅡㅡㅡㅡㅡㅡㅡ
Loss : 0.307339     0 / 139386
Loss : 0.135211 12800 / 139386
Loss : 0.168439 25600 / 139386
Loss : 0.363012 38400 / 139386
Loss : 0.087937 51200 / 139386
Loss : 0.122798 64000 / 139386
Loss : 0.283058 76800 / 139386
Loss : 0.272383 89600 / 139386
Loss : 0.254436 102400 / 139386
Loss : 0.072805 115200 / 139386
Loss : 0.165384 128000 / 139386
Test Error: 
 Accuracy: 93.2%, Avg loss: 0.171370 

Used Time : 0m 50.36s
Epoch 34 
 ㅡㅡㅡㅡㅡㅡㅡㅡㅡㅡㅡㅡㅡㅡㅡㅡㅡㅡㅡㅡㅡㅡㅡㅡㅡㅡㅡ
Loss : 0.251311     0 / 139386
Loss : 0.143341 12800 / 139386
Loss : 0.005242 25600 / 139386
Loss : 0.259020 38400 / 139386
Loss : 0.208005 51200 / 139386
Loss : 0.191243 64000 / 139386
Loss : 0.271491 76800 / 139386
Loss : 0.115643 89600 / 139386
Loss : 0.050542 102400 / 139386
Loss : 0.264345 115200 / 139386
Loss : 0.158613 128000 / 139386
Test Error: 
 Accuracy: 93.3%, Avg loss: 0.170784 

Used Time : 0m 50.36s
Epoch 35 
 ㅡㅡㅡㅡㅡㅡㅡㅡㅡㅡㅡㅡㅡㅡㅡㅡㅡㅡㅡㅡㅡㅡㅡㅡㅡㅡㅡ
Loss : 0.313672     0 / 139386
Loss : 0.239838 12800 / 139386
Loss : 0.129617 25600 / 139386
Loss : 0.138221 38400 / 139386
Loss : 0.251653 51200 / 139386
Loss : 0.192613 64000 / 139386
Loss : 0.164474 76800 / 139386
Loss : 0.186559 89600 / 139386
Loss : 0.274490 102400 / 139386
Loss : 0.106096 115200 / 139386
Loss : 0.112572 128000 / 139386
Test Error: 
 Accuracy: 93.3%, Avg loss: 0.168160 

Used Time : 0m 50.12s
Epoch 36 
 ㅡㅡㅡㅡㅡㅡㅡㅡㅡㅡㅡㅡㅡㅡㅡㅡㅡㅡㅡㅡㅡㅡㅡㅡㅡㅡㅡ
Loss : 0.187069     0 / 139386
Loss : 0.129683 12800 / 139386
Loss : 0.121990 25600 / 139386
Loss : 0.390544 38400 / 139386
Loss : 0.118782 51200 / 139386
Loss : 0.153100 64000 / 139386
Loss : 0.125710 76800 / 139386
Loss : 0.177357 89600 / 139386
Loss : 0.182520 102400 / 139386
Loss : 0.099753 115200 / 139386
Loss : 0.405687 128000 / 139386
Test Error: 
 Accuracy: 93.4%, Avg loss: 0.170924 

Used Time : 0m 50.23s
Epoch 37 
 ㅡㅡㅡㅡㅡㅡㅡㅡㅡㅡㅡㅡㅡㅡㅡㅡㅡㅡㅡㅡㅡㅡㅡㅡㅡㅡㅡ
Loss : 0.112749     0 / 139386
Loss : 0.106037 12800 / 139386
Loss : 0.185526 25600 / 139386
Loss : 0.122879 38400 / 139386
Loss : 0.058863 51200 / 139386
Loss : 0.120462 64000 / 139386
Loss : 0.098321 76800 / 139386
Loss : 0.184228 89600 / 139386
Loss : 0.093410 102400 / 139386
Loss : 0.295484 115200 / 139386
Loss : 0.098700 128000 / 139386
Test Error: 
 Accuracy: 93.5%, Avg loss: 0.165160 

Used Time : 0m 50.70s
Epoch 38 
 ㅡㅡㅡㅡㅡㅡㅡㅡㅡㅡㅡㅡㅡㅡㅡㅡㅡㅡㅡㅡㅡㅡㅡㅡㅡㅡㅡ
Loss : 0.350515     0 / 139386
Loss : 0.161981 12800 / 139386
Loss : 0.164355 25600 / 139386
Loss : 0.195932 38400 / 139386
Loss : 0.318017 51200 / 139386
Loss : 0.173188 64000 / 139386
Loss : 0.144738 76800 / 139386
Loss : 0.192669 89600 / 139386
Loss : 0.151272 102400 / 139386
Loss : 0.263960 115200 / 139386
Loss : 0.198113 128000 / 139386
Test Error: 
 Accuracy: 93.6%, Avg loss: 0.164824 

Used Time : 0m 50.61s
Epoch 39 
 ㅡㅡㅡㅡㅡㅡㅡㅡㅡㅡㅡㅡㅡㅡㅡㅡㅡㅡㅡㅡㅡㅡㅡㅡㅡㅡㅡ
Loss : 0.073970     0 / 139386
Loss : 0.253601 12800 / 139386
Loss : 0.092716 25600 / 139386
Loss : 0.165348 38400 / 139386
Loss : 0.325561 51200 / 139386
Loss : 0.136469 64000 / 139386
Loss : 0.222686 76800 / 139386
Loss : 0.152913 89600 / 139386
Loss : 0.241602 102400 / 139386
Loss : 0.299851 115200 / 139386
Loss : 0.255487 128000 / 139386
Test Error: 
 Accuracy: 93.4%, Avg loss: 0.168847 

Used Time : 0m 50.13s
Epoch 40 
 ㅡㅡㅡㅡㅡㅡㅡㅡㅡㅡㅡㅡㅡㅡㅡㅡㅡㅡㅡㅡㅡㅡㅡㅡㅡㅡㅡ
Loss : 0.241623     0 / 139386
Loss : 0.241513 12800 / 139386
Loss : 0.295606 25600 / 139386
Loss : 0.128729 38400 / 139386
Loss : 0.220971 51200 / 139386
Loss : 0.113940 64000 / 139386
Loss : 0.235489 76800 / 139386
Loss : 0.104732 89600 / 139386
Loss : 0.055600 102400 / 139386
Loss : 0.135079 115200 / 139386
Loss : 0.208168 128000 / 139386
Test Error: 
 Accuracy: 93.5%, Avg loss: 0.168165 

Used Time : 0m 50.13s
Epoch 41 
 ㅡㅡㅡㅡㅡㅡㅡㅡㅡㅡㅡㅡㅡㅡㅡㅡㅡㅡㅡㅡㅡㅡㅡㅡㅡㅡㅡ
Loss : 0.092343     0 / 139386
Loss : 0.231837 12800 / 139386
Loss : 0.182349 25600 / 139386
Loss : 0.042047 38400 / 139386
Loss : 0.214679 51200 / 139386
Loss : 0.159641 64000 / 139386
Loss : 0.136021 76800 / 139386
Loss : 0.099915 89600 / 139386
Loss : 0.441029 102400 / 139386
Loss : 0.183077 115200 / 139386
Loss : 0.217390 128000 / 139386
Test Error: 
 Accuracy: 93.4%, Avg loss: 0.166510 

Used Time : 0m 50.14s
Epoch 42 
 ㅡㅡㅡㅡㅡㅡㅡㅡㅡㅡㅡㅡㅡㅡㅡㅡㅡㅡㅡㅡㅡㅡㅡㅡㅡㅡㅡ
Loss : 0.106481     0 / 139386
Loss : 0.129100 12800 / 139386
Loss : 0.206171 25600 / 139386
Loss : 0.052938 38400 / 139386
Loss : 0.269167 51200 / 139386
Loss : 0.105853 64000 / 139386
Loss : 0.267328 76800 / 139386
Loss : 0.046963 89600 / 139386
Loss : 0.114707 102400 / 139386
Loss : 0.099689 115200 / 139386
Loss : 0.229605 128000 / 139386
Test Error: 
 Accuracy: 93.4%, Avg loss: 0.165746 

Used Time : 0m 49.69s
Epoch 43 
 ㅡㅡㅡㅡㅡㅡㅡㅡㅡㅡㅡㅡㅡㅡㅡㅡㅡㅡㅡㅡㅡㅡㅡㅡㅡㅡㅡ
Loss : 0.436558     0 / 139386
Loss : 0.160748 12800 / 139386
Loss : 0.140507 25600 / 139386
Loss : 0.211332 38400 / 139386
Loss : 0.101045 51200 / 139386
Loss : 0.287944 64000 / 139386
Loss : 0.137798 76800 / 139386
Loss : 0.110410 89600 / 139386
Loss : 0.254842 102400 / 139386
Loss : 0.190941 115200 / 139386
Loss : 0.080705 128000 / 139386
Test Error: 
 Accuracy: 93.4%, Avg loss: 0.167715 

Used Time : 0m 49.19s
Epoch 44 
 ㅡㅡㅡㅡㅡㅡㅡㅡㅡㅡㅡㅡㅡㅡㅡㅡㅡㅡㅡㅡㅡㅡㅡㅡㅡㅡㅡ
Loss : 0.208418     0 / 139386
Loss : 0.173326 12800 / 139386
Loss : 0.078365 25600 / 139386
Loss : 0.229185 38400 / 139386
Loss : 0.153735 51200 / 139386
Loss : 0.143613 64000 / 139386
Loss : 0.299005 76800 / 139386
Loss : 0.294665 89600 / 139386
Loss : 0.198478 102400 / 139386
Loss : 0.195610 115200 / 139386
Loss : 0.205766 128000 / 139386
Test Error: 
 Accuracy: 93.4%, Avg loss: 0.166498 

Used Time : 0m 49.19s
Epoch 45 
 ㅡㅡㅡㅡㅡㅡㅡㅡㅡㅡㅡㅡㅡㅡㅡㅡㅡㅡㅡㅡㅡㅡㅡㅡㅡㅡㅡ
Loss : 0.260515     0 / 139386
Loss : 0.281820 12800 / 139386
Loss : 0.154036 25600 / 139386
Loss : 0.158240 38400 / 139386
Loss : 0.094104 51200 / 139386
Loss : 0.110940 64000 / 139386
Loss : 0.140336 76800 / 139386
Loss : 0.224094 89600 / 139386
Loss : 0.298065 102400 / 139386
Loss : 0.103846 115200 / 139386
Loss : 0.262970 128000 / 139386
Test Error: 
 Accuracy: 93.4%, Avg loss: 0.166280 

Used Time : 0m 49.64s
Epoch 46 
 ㅡㅡㅡㅡㅡㅡㅡㅡㅡㅡㅡㅡㅡㅡㅡㅡㅡㅡㅡㅡㅡㅡㅡㅡㅡㅡㅡ
Loss : 0.154698     0 / 139386
Loss : 0.118892 12800 / 139386
Loss : 0.096197 25600 / 139386
Loss : 0.187464 38400 / 139386
Loss : 0.288927 51200 / 139386
Loss : 0.079060 64000 / 139386
Loss : 0.263588 76800 / 139386
Loss : 0.122603 89600 / 139386
Loss : 0.224851 102400 / 139386
Loss : 0.113077 115200 / 139386
Loss : 0.163499 128000 / 139386
Test Error: 
 Accuracy: 93.5%, Avg loss: 0.166684 

Used Time : 0m 50.28s
Epoch 47 
 ㅡㅡㅡㅡㅡㅡㅡㅡㅡㅡㅡㅡㅡㅡㅡㅡㅡㅡㅡㅡㅡㅡㅡㅡㅡㅡㅡ
Loss : 0.103242     0 / 139386
Loss : 0.184179 12800 / 139386
Loss : 0.178194 25600 / 139386
Loss : 0.182942 38400 / 139386
Loss : 0.128324 51200 / 139386
Loss : 0.104561 64000 / 139386
Loss : 0.116573 76800 / 139386
Loss : 0.208730 89600 / 139386
Loss : 0.111876 102400 / 139386
Loss : 0.142438 115200 / 139386
Loss : 0.106923 128000 / 139386
Test Error: 
 Accuracy: 93.6%, Avg loss: 0.160324 

Used Time : 0m 49.88s
Epoch 48 
 ㅡㅡㅡㅡㅡㅡㅡㅡㅡㅡㅡㅡㅡㅡㅡㅡㅡㅡㅡㅡㅡㅡㅡㅡㅡㅡㅡ
Loss : 0.125054     0 / 139386
Loss : 0.176934 12800 / 139386
Loss : 0.156341 25600 / 139386
Loss : 0.033972 38400 / 139386
Loss : 0.202884 51200 / 139386
Loss : 0.130571 64000 / 139386
Loss : 0.156283 76800 / 139386
Loss : 0.284818 89600 / 139386
Loss : 0.291938 102400 / 139386
Loss : 0.050799 115200 / 139386
Loss : 0.068534 128000 / 139386
Test Error: 
 Accuracy: 93.4%, Avg loss: 0.165850 

Used Time : 0m 49.77s
Epoch 49 
 ㅡㅡㅡㅡㅡㅡㅡㅡㅡㅡㅡㅡㅡㅡㅡㅡㅡㅡㅡㅡㅡㅡㅡㅡㅡㅡㅡ
Loss : 0.157551     0 / 139386
Loss : 0.117516 12800 / 139386
Loss : 0.148834 25600 / 139386
Loss : 0.148992 38400 / 139386
Loss : 0.013766 51200 / 139386
Loss : 0.095395 64000 / 139386
Loss : 0.230575 76800 / 139386
Loss : 0.082239 89600 / 139386
Loss : 0.101879 102400 / 139386
Loss : 0.084156 115200 / 139386
Loss : 0.161156 128000 / 139386
Test Error: 
 Accuracy: 93.4%, Avg loss: 0.165525 

Used Time : 0m 49.59s
Epoch 50 
 ㅡㅡㅡㅡㅡㅡㅡㅡㅡㅡㅡㅡㅡㅡㅡㅡㅡㅡㅡㅡㅡㅡㅡㅡㅡㅡㅡ
Loss : 0.379364     0 / 139386
Loss : 0.084762 12800 / 139386
Loss : 0.126068 25600 / 139386
Loss : 0.123313 38400 / 139386
Loss : 0.158350 51200 / 139386
Loss : 0.205289 64000 / 139386
Loss : 0.112412 76800 / 139386
Loss : 0.259725 89600 / 139386
Loss : 0.016416 102400 / 139386
Loss : 0.177276 115200 / 139386
Loss : 0.355291 128000 / 139386
Test Error: 
 Accuracy: 93.5%, Avg loss: 0.162593 

Used Time : 0m 50.19s
Epoch 51 
 ㅡㅡㅡㅡㅡㅡㅡㅡㅡㅡㅡㅡㅡㅡㅡㅡㅡㅡㅡㅡㅡㅡㅡㅡㅡㅡㅡ
Loss : 0.093381     0 / 139386
Loss : 0.223515 12800 / 139386
Loss : 0.377037 25600 / 139386
Loss : 0.078830 38400 / 139386
Loss : 0.114508 51200 / 139386
Loss : 0.143075 64000 / 139386
Loss : 0.182676 76800 / 139386
Loss : 0.073822 89600 / 139386
Loss : 0.198470 102400 / 139386
Loss : 0.315873 115200 / 139386
Loss : 0.242648 128000 / 139386
Test Error: 
 Accuracy: 93.5%, Avg loss: 0.167302 

Used Time : 0m 50.03s
Epoch 52 
 ㅡㅡㅡㅡㅡㅡㅡㅡㅡㅡㅡㅡㅡㅡㅡㅡㅡㅡㅡㅡㅡㅡㅡㅡㅡㅡㅡ
Loss : 0.126470     0 / 139386
Loss : 0.190248 12800 / 139386
Loss : 0.176237 25600 / 139386
Loss : 0.086378 38400 / 139386
Loss : 0.265599 51200 / 139386
Loss : 0.136844 64000 / 139386
Loss : 0.084287 76800 / 139386
Loss : 0.092082 89600 / 139386
Loss : 0.244627 102400 / 139386
Loss : 0.063665 115200 / 139386
Loss : 0.295519 128000 / 139386
Test Error: 
 Accuracy: 93.4%, Avg loss: 0.167332 

Used Time : 0m 50.01s
Epoch 53 
 ㅡㅡㅡㅡㅡㅡㅡㅡㅡㅡㅡㅡㅡㅡㅡㅡㅡㅡㅡㅡㅡㅡㅡㅡㅡㅡㅡ
Loss : 0.225251     0 / 139386
Loss : 0.224839 12800 / 139386
Loss : 0.040617 25600 / 139386
Loss : 0.273359 38400 / 139386
Loss : 0.212773 51200 / 139386
Loss : 0.258544 64000 / 139386
Loss : 0.104351 76800 / 139386
Loss : 0.081195 89600 / 139386
Loss : 0.170635 102400 / 139386
Loss : 0.176551 115200 / 139386
Loss : 0.039481 128000 / 139386
Test Error: 
 Accuracy: 93.5%, Avg loss: 0.158362 

Used Time : 0m 50.08s
Epoch 54 
 ㅡㅡㅡㅡㅡㅡㅡㅡㅡㅡㅡㅡㅡㅡㅡㅡㅡㅡㅡㅡㅡㅡㅡㅡㅡㅡㅡ
Loss : 0.256564     0 / 139386
Loss : 0.134263 12800 / 139386
Loss : 0.123491 25600 / 139386
Loss : 0.173541 38400 / 139386
Loss : 0.111625 51200 / 139386
Loss : 0.078999 64000 / 139386
Loss : 0.139732 76800 / 139386
Loss : 0.031803 89600 / 139386
Loss : 0.245659 102400 / 139386
Loss : 0.151637 115200 / 139386
Loss : 0.137970 128000 / 139386
Test Error: 
 Accuracy: 93.6%, Avg loss: 0.160854 

Used Time : 0m 49.86s
Epoch 55 
 ㅡㅡㅡㅡㅡㅡㅡㅡㅡㅡㅡㅡㅡㅡㅡㅡㅡㅡㅡㅡㅡㅡㅡㅡㅡㅡㅡ
Loss : 0.134845     0 / 139386
Loss : 0.108406 12800 / 139386
Loss : 0.243852 25600 / 139386
Loss : 0.174073 38400 / 139386
Loss : 0.110596 51200 / 139386
Loss : 0.012667 64000 / 139386
Loss : 0.027703 76800 / 139386
Loss : 0.236987 89600 / 139386
Loss : 0.168908 102400 / 139386
Loss : 0.244084 115200 / 139386
Loss : 0.167750 128000 / 139386
Test Error: 
 Accuracy: 93.6%, Avg loss: 0.158209 

Used Time : 0m 50.02s
Epoch 56 
 ㅡㅡㅡㅡㅡㅡㅡㅡㅡㅡㅡㅡㅡㅡㅡㅡㅡㅡㅡㅡㅡㅡㅡㅡㅡㅡㅡ
Loss : 0.089306     0 / 139386
Loss : 0.159517 12800 / 139386
Loss : 0.123386 25600 / 139386
Loss : 0.047592 38400 / 139386
Loss : 0.131829 51200 / 139386
Loss : 0.181571 64000 / 139386
Loss : 0.215885 76800 / 139386
Loss : 0.061451 89600 / 139386
Loss : 0.076495 102400 / 139386
Loss : 0.259941 115200 / 139386
Loss : 0.047126 128000 / 139386
Test Error: 
 Accuracy: 95.0%, Avg loss: 0.145178 

Used Time : 0m 49.74s
Epoch 57 
 ㅡㅡㅡㅡㅡㅡㅡㅡㅡㅡㅡㅡㅡㅡㅡㅡㅡㅡㅡㅡㅡㅡㅡㅡㅡㅡㅡ
Loss : 0.250602     0 / 139386
Loss : 0.062789 12800 / 139386
Loss : 0.013864 25600 / 139386
Loss : 0.148917 38400 / 139386
Loss : 0.149155 51200 / 139386
Loss : 0.008628 64000 / 139386
Loss : 0.184118 76800 / 139386
Loss : 0.262224 89600 / 139386
Loss : 0.244882 102400 / 139386
Loss : 0.272080 115200 / 139386
Loss : 0.116211 128000 / 139386
Test Error: 
 Accuracy: 95.0%, Avg loss: 0.142594 

Used Time : 0m 49.64s
Epoch 58 
 ㅡㅡㅡㅡㅡㅡㅡㅡㅡㅡㅡㅡㅡㅡㅡㅡㅡㅡㅡㅡㅡㅡㅡㅡㅡㅡㅡ
Loss : 0.191160     0 / 139386
Loss : 0.098324 12800 / 139386
Loss : 0.046496 25600 / 139386
Loss : 0.172688 38400 / 139386
Loss : 0.037333 51200 / 139386
Loss : 0.437514 64000 / 139386
Loss : 0.183659 76800 / 139386
Loss : 0.181064 89600 / 139386
Loss : 0.183190 102400 / 139386
Loss : 0.235256 115200 / 139386
Loss : 0.124174 128000 / 139386
Test Error: 
 Accuracy: 96.6%, Avg loss: 0.111964 

Used Time : 0m 49.80s
Epoch 59 
 ㅡㅡㅡㅡㅡㅡㅡㅡㅡㅡㅡㅡㅡㅡㅡㅡㅡㅡㅡㅡㅡㅡㅡㅡㅡㅡㅡ
Loss : 0.253978     0 / 139386
Loss : 0.107980 12800 / 139386
Loss : 0.140551 25600 / 139386
Loss : 0.105110 38400 / 139386
Loss : 0.206345 51200 / 139386
Loss : 0.127696 64000 / 139386
Loss : 0.021480 76800 / 139386
Loss : 0.020911 89600 / 139386
Loss : 0.281908 102400 / 139386
Loss : 0.135525 115200 / 139386
Loss : 0.157069 128000 / 139386
Test Error: 
 Accuracy: 96.8%, Avg loss: 0.099857 

Used Time : 0m 50.10s
Epoch 60 
 ㅡㅡㅡㅡㅡㅡㅡㅡㅡㅡㅡㅡㅡㅡㅡㅡㅡㅡㅡㅡㅡㅡㅡㅡㅡㅡㅡ
Loss : 0.087662     0 / 139386
Loss : 0.046354 12800 / 139386
Loss : 0.102216 25600 / 139386
Loss : 0.095710 38400 / 139386
Loss : 0.132137 51200 / 139386
Loss : 0.173026 64000 / 139386
Loss : 0.146162 76800 / 139386
Loss : 0.147608 89600 / 139386
Loss : 0.101260 102400 / 139386
Loss : 0.036314 115200 / 139386
Loss : 0.054064 128000 / 139386
Test Error: 
 Accuracy: 96.8%, Avg loss: 0.094748 

Used Time : 0m 51.22s
Epoch 61 
 ㅡㅡㅡㅡㅡㅡㅡㅡㅡㅡㅡㅡㅡㅡㅡㅡㅡㅡㅡㅡㅡㅡㅡㅡㅡㅡㅡ
Loss : 0.007748     0 / 139386
Loss : 0.075463 12800 / 139386
Loss : 0.094722 25600 / 139386
Loss : 0.104328 38400 / 139386
Loss : 0.174746 51200 / 139386
Loss : 0.012614 64000 / 139386
Loss : 0.113122 76800 / 139386
Loss : 0.115763 89600 / 139386
Loss : 0.227091 102400 / 139386
Loss : 0.142487 115200 / 139386
Loss : 0.244677 128000 / 139386
Test Error: 
 Accuracy: 96.9%, Avg loss: 0.095332 

Used Time : 0m 50.49s
Epoch 62 
 ㅡㅡㅡㅡㅡㅡㅡㅡㅡㅡㅡㅡㅡㅡㅡㅡㅡㅡㅡㅡㅡㅡㅡㅡㅡㅡㅡ
Loss : 0.118324     0 / 139386
Loss : 0.117605 12800 / 139386
Loss : 0.104794 25600 / 139386
Loss : 0.029136 38400 / 139386
Loss : 0.046958 51200 / 139386
Loss : 0.054261 64000 / 139386
Loss : 0.096337 76800 / 139386
Loss : 0.060405 89600 / 139386
Loss : 0.100278 102400 / 139386
Loss : 0.066636 115200 / 139386
Loss : 0.102910 128000 / 139386
Test Error: 
 Accuracy: 96.9%, Avg loss: 0.097909 

Used Time : 0m 50.14s
Epoch 63 
 ㅡㅡㅡㅡㅡㅡㅡㅡㅡㅡㅡㅡㅡㅡㅡㅡㅡㅡㅡㅡㅡㅡㅡㅡㅡㅡㅡ
Loss : 0.055257     0 / 139386
Loss : 0.152836 12800 / 139386
Loss : 0.084828 25600 / 139386
Loss : 0.129819 38400 / 139386
Loss : 0.044175 51200 / 139386
Loss : 0.125914 64000 / 139386
Loss : 0.066536 76800 / 139386
Loss : 0.086465 89600 / 139386
Loss : 0.121225 102400 / 139386
Loss : 0.086265 115200 / 139386
Loss : 0.181843 128000 / 139386
Test Error: 
 Accuracy: 96.9%, Avg loss: 0.088508 

Used Time : 0m 50.26s
Epoch 64 
 ㅡㅡㅡㅡㅡㅡㅡㅡㅡㅡㅡㅡㅡㅡㅡㅡㅡㅡㅡㅡㅡㅡㅡㅡㅡㅡㅡ
Loss : 0.026308     0 / 139386
Loss : 0.100740 12800 / 139386
Loss : 0.004122 25600 / 139386
Loss : 0.123368 38400 / 139386
Loss : 0.044067 51200 / 139386
Loss : 0.046003 64000 / 139386
Loss : 0.167221 76800 / 139386
Loss : 0.092855 89600 / 139386
Loss : 0.107991 102400 / 139386
Loss : 0.120023 115200 / 139386
Loss : 0.152420 128000 / 139386
Test Error: 
 Accuracy: 97.0%, Avg loss: 0.091099 

Used Time : 0m 49.42s
Epoch 65 
 ㅡㅡㅡㅡㅡㅡㅡㅡㅡㅡㅡㅡㅡㅡㅡㅡㅡㅡㅡㅡㅡㅡㅡㅡㅡㅡㅡ
Loss : 0.085197     0 / 139386
Loss : 0.065373 12800 / 139386
Loss : 0.142819 25600 / 139386
Loss : 0.061077 38400 / 139386
Loss : 0.141579 51200 / 139386
Loss : 0.082013 64000 / 139386
Loss : 0.175503 76800 / 139386
Loss : 0.059678 89600 / 139386
Loss : 0.093650 102400 / 139386
Loss : 0.120231 115200 / 139386
Loss : 0.082057 128000 / 139386
Test Error: 
 Accuracy: 96.7%, Avg loss: 0.096528 

Used Time : 0m 50.96s
Epoch 66 
 ㅡㅡㅡㅡㅡㅡㅡㅡㅡㅡㅡㅡㅡㅡㅡㅡㅡㅡㅡㅡㅡㅡㅡㅡㅡㅡㅡ
Loss : 0.168743     0 / 139386
Loss : 0.222957 12800 / 139386
Loss : 0.095860 25600 / 139386
Loss : 0.060239 38400 / 139386
Loss : 0.033517 51200 / 139386
Loss : 0.092171 64000 / 139386
Loss : 0.052372 76800 / 139386
Loss : 0.150189 89600 / 139386
Loss : 0.128328 102400 / 139386
Loss : 0.054360 115200 / 139386
Loss : 0.122741 128000 / 139386
Test Error: 
 Accuracy: 97.0%, Avg loss: 0.089234 

Used Time : 0m 49.68s
Epoch 67 
 ㅡㅡㅡㅡㅡㅡㅡㅡㅡㅡㅡㅡㅡㅡㅡㅡㅡㅡㅡㅡㅡㅡㅡㅡㅡㅡㅡ
Loss : 0.129210     0 / 139386
Loss : 0.152328 12800 / 139386
Loss : 0.062323 25600 / 139386
Loss : 0.189475 38400 / 139386
Loss : 0.074818 51200 / 139386
Loss : 0.050142 64000 / 139386
Loss : 0.118866 76800 / 139386
Loss : 0.028373 89600 / 139386
Loss : 0.078525 102400 / 139386
Loss : 0.156619 115200 / 139386
Loss : 0.244056 128000 / 139386
Test Error: 
 Accuracy: 97.0%, Avg loss: 0.087677 

Used Time : 0m 49.43s
Epoch 68 
 ㅡㅡㅡㅡㅡㅡㅡㅡㅡㅡㅡㅡㅡㅡㅡㅡㅡㅡㅡㅡㅡㅡㅡㅡㅡㅡㅡ
Loss : 0.234101     0 / 139386
Loss : 0.134142 12800 / 139386
Loss : 0.049729 25600 / 139386
Loss : 0.074142 38400 / 139386
Loss : 0.220479 51200 / 139386
Loss : 0.161353 64000 / 139386
Loss : 0.031382 76800 / 139386
Loss : 0.141125 89600 / 139386
Loss : 0.012530 102400 / 139386
Loss : 0.028169 115200 / 139386
Loss : 0.109972 128000 / 139386
Test Error: 
 Accuracy: 97.1%, Avg loss: 0.085199 

Used Time : 0m 49.59s
Epoch 69 
 ㅡㅡㅡㅡㅡㅡㅡㅡㅡㅡㅡㅡㅡㅡㅡㅡㅡㅡㅡㅡㅡㅡㅡㅡㅡㅡㅡ
Loss : 0.094346     0 / 139386
Loss : 0.046517 12800 / 139386
Loss : 0.103951 25600 / 139386
Loss : 0.024533 38400 / 139386
Loss : 0.228937 51200 / 139386
Loss : 0.059820 64000 / 139386
Loss : 0.089462 76800 / 139386
Loss : 0.219722 89600 / 139386
Loss : 0.028814 102400 / 139386
Loss : 0.126227 115200 / 139386
Loss : 0.036081 128000 / 139386
Test Error: 
 Accuracy: 97.0%, Avg loss: 0.086031 

Used Time : 0m 49.60s
Epoch 70 
 ㅡㅡㅡㅡㅡㅡㅡㅡㅡㅡㅡㅡㅡㅡㅡㅡㅡㅡㅡㅡㅡㅡㅡㅡㅡㅡㅡ
Loss : 0.116774     0 / 139386
Loss : 0.068922 12800 / 139386
Loss : 0.109679 25600 / 139386
Loss : 0.094687 38400 / 139386
Loss : 0.119152 51200 / 139386
Loss : 0.018450 64000 / 139386
Loss : 0.084190 76800 / 139386
Loss : 0.061886 89600 / 139386
Loss : 0.054877 102400 / 139386
Loss : 0.030320 115200 / 139386
Loss : 0.044499 128000 / 139386
Test Error: 
 Accuracy: 96.9%, Avg loss: 0.086371 

Used Time : 0m 51.04s
Epoch 71 
 ㅡㅡㅡㅡㅡㅡㅡㅡㅡㅡㅡㅡㅡㅡㅡㅡㅡㅡㅡㅡㅡㅡㅡㅡㅡㅡㅡ
Loss : 0.040259     0 / 139386
Loss : 0.027404 12800 / 139386
Loss : 0.020241 25600 / 139386
Loss : 0.074870 38400 / 139386
Loss : 0.030939 51200 / 139386
Loss : 0.101071 64000 / 139386
Loss : 0.133898 76800 / 139386
Loss : 0.208176 89600 / 139386
Loss : 0.064960 102400 / 139386
Loss : 0.066816 115200 / 139386
Loss : 0.040859 128000 / 139386
Test Error: 
 Accuracy: 97.0%, Avg loss: 0.086416 

Used Time : 0m 49.81s
Epoch 72 
 ㅡㅡㅡㅡㅡㅡㅡㅡㅡㅡㅡㅡㅡㅡㅡㅡㅡㅡㅡㅡㅡㅡㅡㅡㅡㅡㅡ
Loss : 0.089248     0 / 139386
Loss : 0.135916 12800 / 139386
Loss : 0.078307 25600 / 139386
Loss : 0.026149 38400 / 139386
Loss : 0.057597 51200 / 139386
Loss : 0.079572 64000 / 139386
Loss : 0.082691 76800 / 139386
Loss : 0.189058 89600 / 139386
Loss : 0.066159 102400 / 139386
Loss : 0.023649 115200 / 139386
Loss : 0.151490 128000 / 139386
Test Error: 
 Accuracy: 96.9%, Avg loss: 0.094196 

Used Time : 0m 50.40s
Epoch 73 
 ㅡㅡㅡㅡㅡㅡㅡㅡㅡㅡㅡㅡㅡㅡㅡㅡㅡㅡㅡㅡㅡㅡㅡㅡㅡㅡㅡ
Loss : 0.284885     0 / 139386
Loss : 0.121444 12800 / 139386
Loss : 0.048442 25600 / 139386
Loss : 0.033656 38400 / 139386
Loss : 0.251284 51200 / 139386
Loss : 0.095326 64000 / 139386
Loss : 0.086535 76800 / 139386
Loss : 0.051918 89600 / 139386
Loss : 0.043584 102400 / 139386
Loss : 0.008528 115200 / 139386
Loss : 0.109200 128000 / 139386
Test Error: 
 Accuracy: 97.0%, Avg loss: 0.088297 

Used Time : 0m 50.19s
Epoch 74 
 ㅡㅡㅡㅡㅡㅡㅡㅡㅡㅡㅡㅡㅡㅡㅡㅡㅡㅡㅡㅡㅡㅡㅡㅡㅡㅡㅡ
Loss : 0.048722     0 / 139386
Loss : 0.050566 12800 / 139386
Loss : 0.087723 25600 / 139386
Loss : 0.081873 38400 / 139386
Loss : 0.182828 51200 / 139386
Loss : 0.031790 64000 / 139386
Loss : 0.143572 76800 / 139386
Loss : 0.054047 89600 / 139386
Loss : 0.061899 102400 / 139386
Loss : 0.004722 115200 / 139386
Loss : 0.089845 128000 / 139386
Test Error: 
 Accuracy: 96.9%, Avg loss: 0.090566 

Used Time : 0m 50.09s
Epoch 75 
 ㅡㅡㅡㅡㅡㅡㅡㅡㅡㅡㅡㅡㅡㅡㅡㅡㅡㅡㅡㅡㅡㅡㅡㅡㅡㅡㅡ
Loss : 0.094617     0 / 139386
Loss : 0.004187 12800 / 139386
Loss : 0.007032 25600 / 139386
Loss : 0.041637 38400 / 139386
Loss : 0.122300 51200 / 139386
Loss : 0.032794 64000 / 139386
Loss : 0.130505 76800 / 139386
Loss : 0.103221 89600 / 139386
Loss : 0.005555 102400 / 139386
Loss : 0.131114 115200 / 139386
Loss : 0.061434 128000 / 139386
Test Error: 
 Accuracy: 97.2%, Avg loss: 0.082261 

Used Time : 0m 49.94s
Epoch 76 
 ㅡㅡㅡㅡㅡㅡㅡㅡㅡㅡㅡㅡㅡㅡㅡㅡㅡㅡㅡㅡㅡㅡㅡㅡㅡㅡㅡ
Loss : 0.039836     0 / 139386
Loss : 0.040310 12800 / 139386
Loss : 0.056527 25600 / 139386
Loss : 0.046224 38400 / 139386
Loss : 0.098960 51200 / 139386
Loss : 0.036427 64000 / 139386
Loss : 0.127690 76800 / 139386
Loss : 0.103445 89600 / 139386
Loss : 0.086973 102400 / 139386
Loss : 0.039776 115200 / 139386
Loss : 0.140938 128000 / 139386
Test Error: 
 Accuracy: 96.9%, Avg loss: 0.095435 

Used Time : 0m 49.67s
Epoch 77 
 ㅡㅡㅡㅡㅡㅡㅡㅡㅡㅡㅡㅡㅡㅡㅡㅡㅡㅡㅡㅡㅡㅡㅡㅡㅡㅡㅡ
Loss : 0.074625     0 / 139386
Loss : 0.147914 12800 / 139386
Loss : 0.070844 25600 / 139386
Loss : 0.104469 38400 / 139386
Loss : 0.018384 51200 / 139386
Loss : 0.200118 64000 / 139386
Loss : 0.152006 76800 / 139386
Loss : 0.020700 89600 / 139386
Loss : 0.061021 102400 / 139386
Loss : 0.164323 115200 / 139386
Loss : 0.077876 128000 / 139386
Test Error: 
 Accuracy: 97.0%, Avg loss: 0.084837 

Used Time : 0m 52.27s
Epoch 78 
 ㅡㅡㅡㅡㅡㅡㅡㅡㅡㅡㅡㅡㅡㅡㅡㅡㅡㅡㅡㅡㅡㅡㅡㅡㅡㅡㅡ
Loss : 0.128502     0 / 139386
Loss : 0.027269 12800 / 139386
Loss : 0.026860 25600 / 139386
Loss : 0.121910 38400 / 139386
Loss : 0.106828 51200 / 139386
Loss : 0.106631 64000 / 139386
Loss : 0.079868 76800 / 139386
Loss : 0.141384 89600 / 139386
Loss : 0.017899 102400 / 139386
Loss : 0.112322 115200 / 139386
Loss : 0.131514 128000 / 139386
Test Error: 
 Accuracy: 97.1%, Avg loss: 0.085717 

Used Time : 0m 49.89s
Epoch 79 
 ㅡㅡㅡㅡㅡㅡㅡㅡㅡㅡㅡㅡㅡㅡㅡㅡㅡㅡㅡㅡㅡㅡㅡㅡㅡㅡㅡ
Loss : 0.045553     0 / 139386
Loss : 0.081633 12800 / 139386
Loss : 0.022535 25600 / 139386
Loss : 0.096477 38400 / 139386
Loss : 0.122218 51200 / 139386
Loss : 0.009520 64000 / 139386
Loss : 0.072626 76800 / 139386
Loss : 0.017205 89600 / 139386
Loss : 0.057063 102400 / 139386
Loss : 0.046046 115200 / 139386
Loss : 0.235599 128000 / 139386
Test Error: 
 Accuracy: 96.9%, Avg loss: 0.087740 

Used Time : 0m 49.83s
Epoch 80 
 ㅡㅡㅡㅡㅡㅡㅡㅡㅡㅡㅡㅡㅡㅡㅡㅡㅡㅡㅡㅡㅡㅡㅡㅡㅡㅡㅡ
Loss : 0.096207     0 / 139386
Loss : 0.134600 12800 / 139386
Loss : 0.039912 25600 / 139386
Loss : 0.057108 38400 / 139386
Loss : 0.117594 51200 / 139386
Loss : 0.078298 64000 / 139386
Loss : 0.034083 76800 / 139386
Loss : 0.126749 89600 / 139386
Loss : 0.018583 102400 / 139386
Loss : 0.123576 115200 / 139386
Loss : 0.334782 128000 / 139386
Test Error: 
 Accuracy: 97.2%, Avg loss: 0.081205 

Used Time : 0m 50.00s
Epoch 81 
 ㅡㅡㅡㅡㅡㅡㅡㅡㅡㅡㅡㅡㅡㅡㅡㅡㅡㅡㅡㅡㅡㅡㅡㅡㅡㅡㅡ
Loss : 0.031504     0 / 139386
Loss : 0.133168 12800 / 139386
Loss : 0.009071 25600 / 139386
Loss : 0.044810 38400 / 139386
Loss : 0.100623 51200 / 139386
Loss : 0.043962 64000 / 139386
Loss : 0.162609 76800 / 139386
Loss : 0.017889 89600 / 139386
Loss : 0.114392 102400 / 139386
Loss : 0.186905 115200 / 139386
Loss : 0.067812 128000 / 139386
Test Error: 
 Accuracy: 97.2%, Avg loss: 0.081852 

Used Time : 0m 50.01s
Epoch 82 
 ㅡㅡㅡㅡㅡㅡㅡㅡㅡㅡㅡㅡㅡㅡㅡㅡㅡㅡㅡㅡㅡㅡㅡㅡㅡㅡㅡ
Loss : 0.040780     0 / 139386
Loss : 0.153504 12800 / 139386
Loss : 0.087931 25600 / 139386
Loss : 0.215603 38400 / 139386
Loss : 0.172662 51200 / 139386
Loss : 0.112293 64000 / 139386
Loss : 0.238815 76800 / 139386
Loss : 0.094841 89600 / 139386
Loss : 0.012908 102400 / 139386
Loss : 0.093843 115200 / 139386
Loss : 0.072783 128000 / 139386
Test Error: 
 Accuracy: 97.3%, Avg loss: 0.086709 

Used Time : 0m 50.13s
Epoch 83 
 ㅡㅡㅡㅡㅡㅡㅡㅡㅡㅡㅡㅡㅡㅡㅡㅡㅡㅡㅡㅡㅡㅡㅡㅡㅡㅡㅡ
Loss : 0.086117     0 / 139386
Loss : 0.095654 12800 / 139386
Loss : 0.015835 25600 / 139386
Loss : 0.096595 38400 / 139386
Loss : 0.190561 51200 / 139386
Loss : 0.174255 64000 / 139386
Loss : 0.145283 76800 / 139386
Loss : 0.033007 89600 / 139386
Loss : 0.099471 102400 / 139386
Loss : 0.088427 115200 / 139386
Loss : 0.139853 128000 / 139386
Test Error: 
 Accuracy: 97.2%, Avg loss: 0.083033 

Used Time : 0m 50.17s
Epoch 84 
 ㅡㅡㅡㅡㅡㅡㅡㅡㅡㅡㅡㅡㅡㅡㅡㅡㅡㅡㅡㅡㅡㅡㅡㅡㅡㅡㅡ
Loss : 0.040601     0 / 139386
Loss : 0.123326 12800 / 139386
Loss : 0.064614 25600 / 139386
Loss : 0.104165 38400 / 139386
Loss : 0.127762 51200 / 139386
Loss : 0.042875 64000 / 139386
Loss : 0.208098 76800 / 139386
Loss : 0.025548 89600 / 139386
Loss : 0.043005 102400 / 139386
Loss : 0.010981 115200 / 139386
Loss : 0.122301 128000 / 139386
Test Error: 
 Accuracy: 97.2%, Avg loss: 0.080124 

Used Time : 0m 49.71s
Epoch 85 
 ㅡㅡㅡㅡㅡㅡㅡㅡㅡㅡㅡㅡㅡㅡㅡㅡㅡㅡㅡㅡㅡㅡㅡㅡㅡㅡㅡ
Loss : 0.003862     0 / 139386
Loss : 0.089325 12800 / 139386
Loss : 0.082740 25600 / 139386
Loss : 0.016826 38400 / 139386
Loss : 0.058970 51200 / 139386
Loss : 0.101931 64000 / 139386
Loss : 0.194978 76800 / 139386
Loss : 0.105697 89600 / 139386
Loss : 0.106200 102400 / 139386
Loss : 0.019078 115200 / 139386
Loss : 0.065639 128000 / 139386
Test Error: 
 Accuracy: 97.3%, Avg loss: 0.081915 

Used Time : 0m 49.85s
Epoch 86 
 ㅡㅡㅡㅡㅡㅡㅡㅡㅡㅡㅡㅡㅡㅡㅡㅡㅡㅡㅡㅡㅡㅡㅡㅡㅡㅡㅡ
Loss : 0.111503     0 / 139386
Loss : 0.204042 12800 / 139386
Loss : 0.037720 25600 / 139386
Loss : 0.118981 38400 / 139386
Loss : 0.051000 51200 / 139386
Loss : 0.050517 64000 / 139386
Loss : 0.052335 76800 / 139386
Loss : 0.084220 89600 / 139386
Loss : 0.150748 102400 / 139386
Loss : 0.171506 115200 / 139386
Loss : 0.104525 128000 / 139386
Test Error: 
 Accuracy: 97.2%, Avg loss: 0.083522 

Used Time : 0m 50.02s
Epoch 87 
 ㅡㅡㅡㅡㅡㅡㅡㅡㅡㅡㅡㅡㅡㅡㅡㅡㅡㅡㅡㅡㅡㅡㅡㅡㅡㅡㅡ
Loss : 0.045190     0 / 139386
Loss : 0.026943 12800 / 139386
Loss : 0.025551 25600 / 139386
Loss : 0.042043 38400 / 139386
Loss : 0.028105 51200 / 139386
Loss : 0.027520 64000 / 139386
Loss : 0.044152 76800 / 139386
Loss : 0.108026 89600 / 139386
Loss : 0.116857 102400 / 139386
Loss : 0.130951 115200 / 139386
Loss : 0.204356 128000 / 139386
Test Error: 
 Accuracy: 97.2%, Avg loss: 0.085841 

Used Time : 0m 50.07s
Epoch 88 
 ㅡㅡㅡㅡㅡㅡㅡㅡㅡㅡㅡㅡㅡㅡㅡㅡㅡㅡㅡㅡㅡㅡㅡㅡㅡㅡㅡ
Loss : 0.059388     0 / 139386
Loss : 0.049088 12800 / 139386
Loss : 0.181187 25600 / 139386
Loss : 0.186286 38400 / 139386
Loss : 0.064619 51200 / 139386
Loss : 0.054503 64000 / 139386
Loss : 0.196760 76800 / 139386
Loss : 0.044956 89600 / 139386
Loss : 0.167417 102400 / 139386
Loss : 0.057195 115200 / 139386
Loss : 0.014221 128000 / 139386
Test Error: 
 Accuracy: 97.0%, Avg loss: 0.089635 

Used Time : 0m 49.98s
Epoch 89 
 ㅡㅡㅡㅡㅡㅡㅡㅡㅡㅡㅡㅡㅡㅡㅡㅡㅡㅡㅡㅡㅡㅡㅡㅡㅡㅡㅡ
Loss : 0.028710     0 / 139386
Loss : 0.023603 12800 / 139386
Loss : 0.106181 25600 / 139386
Loss : 0.154768 38400 / 139386
Loss : 0.019499 51200 / 139386
Loss : 0.023762 64000 / 139386
Loss : 0.080855 76800 / 139386
Loss : 0.017162 89600 / 139386
Loss : 0.124133 102400 / 139386
Loss : 0.047259 115200 / 139386
Loss : 0.045777 128000 / 139386
Test Error: 
 Accuracy: 97.1%, Avg loss: 0.088595 

Used Time : 0m 49.88s
Epoch 90 
 ㅡㅡㅡㅡㅡㅡㅡㅡㅡㅡㅡㅡㅡㅡㅡㅡㅡㅡㅡㅡㅡㅡㅡㅡㅡㅡㅡ
Loss : 0.137053     0 / 139386
Loss : 0.089009 12800 / 139386
Loss : 0.040425 25600 / 139386
Loss : 0.112042 38400 / 139386
Loss : 0.243200 51200 / 139386
Loss : 0.013924 64000 / 139386
Loss : 0.126955 76800 / 139386
Loss : 0.020951 89600 / 139386
Loss : 0.005100 102400 / 139386
Loss : 0.131339 115200 / 139386
Loss : 0.123652 128000 / 139386
Test Error: 
 Accuracy: 97.1%, Avg loss: 0.086233 

Used Time : 0m 49.95s
Epoch 91 
 ㅡㅡㅡㅡㅡㅡㅡㅡㅡㅡㅡㅡㅡㅡㅡㅡㅡㅡㅡㅡㅡㅡㅡㅡㅡㅡㅡ
Loss : 0.023327     0 / 139386
Loss : 0.032190 12800 / 139386
Loss : 0.018712 25600 / 139386
Loss : 0.135573 38400 / 139386
Loss : 0.059801 51200 / 139386
Loss : 0.090665 64000 / 139386
Loss : 0.045050 76800 / 139386
Loss : 0.427775 89600 / 139386
Loss : 0.100799 102400 / 139386
Loss : 0.026046 115200 / 139386
Loss : 0.088471 128000 / 139386
Test Error: 
 Accuracy: 97.3%, Avg loss: 0.079576 

Used Time : 0m 49.69s
Epoch 92 
 ㅡㅡㅡㅡㅡㅡㅡㅡㅡㅡㅡㅡㅡㅡㅡㅡㅡㅡㅡㅡㅡㅡㅡㅡㅡㅡㅡ
Loss : 0.015387     0 / 139386
Loss : 0.031822 12800 / 139386
Loss : 0.006027 25600 / 139386
Loss : 0.051704 38400 / 139386
Loss : 0.022036 51200 / 139386
Loss : 0.094156 64000 / 139386
Loss : 0.025007 76800 / 139386
Loss : 0.029674 89600 / 139386
Loss : 0.015577 102400 / 139386
Loss : 0.049780 115200 / 139386
Loss : 0.013906 128000 / 139386
Test Error: 
 Accuracy: 97.3%, Avg loss: 0.081803 

Used Time : 0m 49.46s
Epoch 93 
 ㅡㅡㅡㅡㅡㅡㅡㅡㅡㅡㅡㅡㅡㅡㅡㅡㅡㅡㅡㅡㅡㅡㅡㅡㅡㅡㅡ
Loss : 0.013938     0 / 139386
Loss : 0.018356 12800 / 139386
Loss : 0.087743 25600 / 139386
Loss : 0.049467 38400 / 139386
Loss : 0.012700 51200 / 139386
Loss : 0.044994 64000 / 139386
Loss : 0.029850 76800 / 139386
Loss : 0.080175 89600 / 139386
Loss : 0.126252 102400 / 139386
Loss : 0.016405 115200 / 139386
Loss : 0.041101 128000 / 139386
Test Error: 
 Accuracy: 97.1%, Avg loss: 0.086293 

Used Time : 0m 49.89s
Epoch 94 
 ㅡㅡㅡㅡㅡㅡㅡㅡㅡㅡㅡㅡㅡㅡㅡㅡㅡㅡㅡㅡㅡㅡㅡㅡㅡㅡㅡ
Loss : 0.178260     0 / 139386
Loss : 0.033692 12800 / 139386
Loss : 0.084721 25600 / 139386
Loss : 0.035984 38400 / 139386
Loss : 0.028340 51200 / 139386
Loss : 0.141447 64000 / 139386
Loss : 0.025568 76800 / 139386
Loss : 0.045692 89600 / 139386
Loss : 0.062054 102400 / 139386
Loss : 0.056101 115200 / 139386
Loss : 0.030784 128000 / 139386
Test Error: 
 Accuracy: 97.2%, Avg loss: 0.081987 

Used Time : 0m 50.55s
Epoch 95 
 ㅡㅡㅡㅡㅡㅡㅡㅡㅡㅡㅡㅡㅡㅡㅡㅡㅡㅡㅡㅡㅡㅡㅡㅡㅡㅡㅡ
Loss : 0.118469     0 / 139386
Loss : 0.042977 12800 / 139386
Loss : 0.003891 25600 / 139386
Loss : 0.058570 38400 / 139386
Loss : 0.021178 51200 / 139386
Loss : 0.099264 64000 / 139386
Loss : 0.203895 76800 / 139386
Loss : 0.002260 89600 / 139386
Loss : 0.038161 102400 / 139386
Loss : 0.106527 115200 / 139386
Loss : 0.071265 128000 / 139386
Test Error: 
 Accuracy: 97.2%, Avg loss: 0.083738 

Used Time : 0m 49.70s
Epoch 96 
 ㅡㅡㅡㅡㅡㅡㅡㅡㅡㅡㅡㅡㅡㅡㅡㅡㅡㅡㅡㅡㅡㅡㅡㅡㅡㅡㅡ
Loss : 0.028067     0 / 139386
Loss : 0.053249 12800 / 139386
Loss : 0.036248 25600 / 139386
Loss : 0.073643 38400 / 139386
Loss : 0.034593 51200 / 139386
Loss : 0.110863 64000 / 139386
Loss : 0.037539 76800 / 139386
Loss : 0.145234 89600 / 139386
Loss : 0.004624 102400 / 139386
Loss : 0.120308 115200 / 139386
Loss : 0.025461 128000 / 139386
Test Error: 
 Accuracy: 97.2%, Avg loss: 0.083523 

Used Time : 0m 49.37s
Epoch 97 
 ㅡㅡㅡㅡㅡㅡㅡㅡㅡㅡㅡㅡㅡㅡㅡㅡㅡㅡㅡㅡㅡㅡㅡㅡㅡㅡㅡ
Loss : 0.093396     0 / 139386
Loss : 0.118710 12800 / 139386
Loss : 0.051746 25600 / 139386
Loss : 0.113241 38400 / 139386
Loss : 0.129357 51200 / 139386
Loss : 0.017630 64000 / 139386
Loss : 0.047877 76800 / 139386
Loss : 0.041722 89600 / 139386
Loss : 0.093184 102400 / 139386
Loss : 0.019588 115200 / 139386
Loss : 0.203902 128000 / 139386
Test Error: 
 Accuracy: 97.2%, Avg loss: 0.080020 

Used Time : 0m 49.21s
Epoch 98 
 ㅡㅡㅡㅡㅡㅡㅡㅡㅡㅡㅡㅡㅡㅡㅡㅡㅡㅡㅡㅡㅡㅡㅡㅡㅡㅡㅡ
Loss : 0.102812     0 / 139386
Loss : 0.033388 12800 / 139386
Loss : 0.144025 25600 / 139386
Loss : 0.006657 38400 / 139386
Loss : 0.024568 51200 / 139386
Loss : 0.020526 64000 / 139386
Loss : 0.003112 76800 / 139386
Loss : 0.101460 89600 / 139386
Loss : 0.028151 102400 / 139386
Loss : 0.051028 115200 / 139386
Loss : 0.023795 128000 / 139386
Test Error: 
 Accuracy: 97.1%, Avg loss: 0.088099 

Used Time : 0m 49.49s
Epoch 99 
 ㅡㅡㅡㅡㅡㅡㅡㅡㅡㅡㅡㅡㅡㅡㅡㅡㅡㅡㅡㅡㅡㅡㅡㅡㅡㅡㅡ
Loss : 0.078646     0 / 139386
Loss : 0.111440 12800 / 139386
Loss : 0.129835 25600 / 139386
Loss : 0.266396 38400 / 139386
Loss : 0.018648 51200 / 139386
Loss : 0.063871 64000 / 139386
Loss : 0.012466 76800 / 139386
Loss : 0.064278 89600 / 139386
Loss : 0.069288 102400 / 139386
Loss : 0.054441 115200 / 139386
Loss : 0.014398 128000 / 139386
Test Error: 
 Accuracy: 97.1%, Avg loss: 0.088032 

Used Time : 0m 49.70s
Epoch 100 
 ㅡㅡㅡㅡㅡㅡㅡㅡㅡㅡㅡㅡㅡㅡㅡㅡㅡㅡㅡㅡㅡㅡㅡㅡㅡㅡㅡ
Loss : 0.084618     0 / 139386
Loss : 0.095139 12800 / 139386
Loss : 0.124860 25600 / 139386
Loss : 0.038347 38400 / 139386
Loss : 0.249212 51200 / 139386
Loss : 0.100647 64000 / 139386
Loss : 0.031445 76800 / 139386
Loss : 0.087072 89600 / 139386
Loss : 0.074221 102400 / 139386
Loss : 0.027247 115200 / 139386
Loss : 0.099742 128000 / 139386
Test Error: 
 Accuracy: 97.0%, Avg loss: 0.083087 

Used Time : 0m 49.25s
Epoch 101 
 ㅡㅡㅡㅡㅡㅡㅡㅡㅡㅡㅡㅡㅡㅡㅡㅡㅡㅡㅡㅡㅡㅡㅡㅡㅡㅡㅡ
Loss : 0.063756     0 / 139386
Loss : 0.055931 12800 / 139386
Loss : 0.067416 25600 / 139386
Loss : 0.081526 38400 / 139386
Loss : 0.038500 51200 / 139386
Loss : 0.166659 64000 / 139386
Loss : 0.032898 76800 / 139386
Loss : 0.089699 89600 / 139386
Loss : 0.141215 102400 / 139386
Loss : 0.009098 115200 / 139386
Loss : 0.038296 128000 / 139386
Test Error: 
 Accuracy: 97.3%, Avg loss: 0.081918 

Used Time : 0m 49.50s
Epoch 102 
 ㅡㅡㅡㅡㅡㅡㅡㅡㅡㅡㅡㅡㅡㅡㅡㅡㅡㅡㅡㅡㅡㅡㅡㅡㅡㅡㅡ
Loss : 0.052073     0 / 139386
Loss : 0.058485 12800 / 139386
Loss : 0.039823 25600 / 139386
Loss : 0.004812 38400 / 139386
Loss : 0.016830 51200 / 139386
Loss : 0.001335 64000 / 139386
Loss : 0.143472 76800 / 139386
Loss : 0.176916 89600 / 139386
Loss : 0.127895 102400 / 139386
Loss : 0.079554 115200 / 139386
Loss : 0.090973 128000 / 139386
Test Error: 
 Accuracy: 97.1%, Avg loss: 0.083655 

Used Time : 0m 49.55s
Epoch 103 
 ㅡㅡㅡㅡㅡㅡㅡㅡㅡㅡㅡㅡㅡㅡㅡㅡㅡㅡㅡㅡㅡㅡㅡㅡㅡㅡㅡ
Loss : 0.031647     0 / 139386
Loss : 0.076924 12800 / 139386
Loss : 0.094343 25600 / 139386
Loss : 0.044012 38400 / 139386
Loss : 0.094404 51200 / 139386
Loss : 0.155886 64000 / 139386
Loss : 0.031944 76800 / 139386
Loss : 0.065052 89600 / 139386
Loss : 0.100900 102400 / 139386
Loss : 0.032713 115200 / 139386
Loss : 0.012954 128000 / 139386
Test Error: 
 Accuracy: 97.0%, Avg loss: 0.090253 

Used Time : 0m 50.54s
Epoch 104 
 ㅡㅡㅡㅡㅡㅡㅡㅡㅡㅡㅡㅡㅡㅡㅡㅡㅡㅡㅡㅡㅡㅡㅡㅡㅡㅡㅡ
Loss : 0.169536     0 / 139386
Loss : 0.035590 12800 / 139386
Loss : 0.122281 25600 / 139386
Loss : 0.035474 38400 / 139386
Loss : 0.111523 51200 / 139386
Loss : 0.093168 64000 / 139386
Loss : 0.147903 76800 / 139386
Loss : 0.104419 89600 / 139386
Loss : 0.035282 102400 / 139386
Loss : 0.101149 115200 / 139386
Loss : 0.148229 128000 / 139386
Test Error: 
 Accuracy: 97.2%, Avg loss: 0.084418 

Used Time : 0m 50.30s
Epoch 105 
 ㅡㅡㅡㅡㅡㅡㅡㅡㅡㅡㅡㅡㅡㅡㅡㅡㅡㅡㅡㅡㅡㅡㅡㅡㅡㅡㅡ
Loss : 0.028559     0 / 139386
Loss : 0.029964 12800 / 139386
Loss : 0.118147 25600 / 139386
Loss : 0.117501 38400 / 139386
Loss : 0.022133 51200 / 139386
Loss : 0.109912 64000 / 139386
Loss : 0.004826 76800 / 139386
Loss : 0.143854 89600 / 139386
Loss : 0.131454 102400 / 139386
Loss : 0.051996 115200 / 139386
Loss : 0.073918 128000 / 139386
Test Error: 
 Accuracy: 97.1%, Avg loss: 0.087970 

Used Time : 0m 50.09s
Epoch 106 
 ㅡㅡㅡㅡㅡㅡㅡㅡㅡㅡㅡㅡㅡㅡㅡㅡㅡㅡㅡㅡㅡㅡㅡㅡㅡㅡㅡ
Loss : 0.054553     0 / 139386
Loss : 0.066010 12800 / 139386
Loss : 0.125249 25600 / 139386
Loss : 0.035287 38400 / 139386
Loss : 0.117818 51200 / 139386
Loss : 0.066026 64000 / 139386
Loss : 0.045482 76800 / 139386
Loss : 0.189894 89600 / 139386
Loss : 0.030815 102400 / 139386
Loss : 0.290654 115200 / 139386
Loss : 0.041592 128000 / 139386
Test Error: 
 Accuracy: 97.3%, Avg loss: 0.079950 

Used Time : 0m 49.84s
Epoch 107 
 ㅡㅡㅡㅡㅡㅡㅡㅡㅡㅡㅡㅡㅡㅡㅡㅡㅡㅡㅡㅡㅡㅡㅡㅡㅡㅡㅡ
Loss : 0.016492     0 / 139386
Loss : 0.079166 12800 / 139386
Loss : 0.021597 25600 / 139386
Loss : 0.099254 38400 / 139386
Loss : 0.089334 51200 / 139386
Loss : 0.493566 64000 / 139386
Loss : 0.065857 76800 / 139386
Loss : 0.031218 89600 / 139386
Loss : 0.017553 102400 / 139386
Loss : 0.293101 115200 / 139386
Loss : 0.202760 128000 / 139386
Test Error: 
 Accuracy: 97.2%, Avg loss: 0.081537 

Used Time : 0m 49.75s
Epoch 108 
 ㅡㅡㅡㅡㅡㅡㅡㅡㅡㅡㅡㅡㅡㅡㅡㅡㅡㅡㅡㅡㅡㅡㅡㅡㅡㅡㅡ
Loss : 0.047168     0 / 139386
Loss : 0.017873 12800 / 139386
Loss : 0.047689 25600 / 139386
Loss : 0.010034 38400 / 139386
Loss : 0.051878 51200 / 139386
Loss : 0.296492 64000 / 139386
Loss : 0.094613 76800 / 139386
Loss : 0.067142 89600 / 139386
Loss : 0.030514 102400 / 139386
Loss : 0.073252 115200 / 139386
Loss : 0.190477 128000 / 139386
Test Error: 
 Accuracy: 97.3%, Avg loss: 0.081414 

Used Time : 0m 50.36s
Epoch 109 
 ㅡㅡㅡㅡㅡㅡㅡㅡㅡㅡㅡㅡㅡㅡㅡㅡㅡㅡㅡㅡㅡㅡㅡㅡㅡㅡㅡ
Loss : 0.044947     0 / 139386
Loss : 0.008227 12800 / 139386
Loss : 0.046964 25600 / 139386
Loss : 0.012894 38400 / 139386
Loss : 0.057220 51200 / 139386
Loss : 0.105673 64000 / 139386
Loss : 0.080526 76800 / 139386
Loss : 0.084241 89600 / 139386
Loss : 0.008923 102400 / 139386
Loss : 0.070122 115200 / 139386
Loss : 0.171925 128000 / 139386
Test Error: 
 Accuracy: 97.3%, Avg loss: 0.080244 

Used Time : 0m 50.65s
Epoch 110 
 ㅡㅡㅡㅡㅡㅡㅡㅡㅡㅡㅡㅡㅡㅡㅡㅡㅡㅡㅡㅡㅡㅡㅡㅡㅡㅡㅡ
Loss : 0.034485     0 / 139386
Loss : 0.041924 12800 / 139386
Loss : 0.007512 25600 / 139386
Loss : 0.076372 38400 / 139386
Loss : 0.100848 51200 / 139386
Loss : 0.041077 64000 / 139386
Loss : 0.019014 76800 / 139386
Loss : 0.030799 89600 / 139386
Loss : 0.015060 102400 / 139386
Loss : 0.182488 115200 / 139386
Loss : 0.051148 128000 / 139386
Test Error: 
 Accuracy: 97.2%, Avg loss: 0.090456 

Used Time : 0m 49.99s
Epoch 111 
 ㅡㅡㅡㅡㅡㅡㅡㅡㅡㅡㅡㅡㅡㅡㅡㅡㅡㅡㅡㅡㅡㅡㅡㅡㅡㅡㅡ
Loss : 0.061237     0 / 139386
Loss : 0.143118 12800 / 139386
Loss : 0.114230 25600 / 139386
Loss : 0.022749 38400 / 139386
Loss : 0.035586 51200 / 139386
Loss : 0.040360 64000 / 139386
Loss : 0.033911 76800 / 139386
Loss : 0.036130 89600 / 139386
Loss : 0.091301 102400 / 139386
Loss : 0.071676 115200 / 139386
Loss : 0.018676 128000 / 139386
Test Error: 
 Accuracy: 97.3%, Avg loss: 0.080528 

Used Time : 0m 49.90s
Epoch 112 
 ㅡㅡㅡㅡㅡㅡㅡㅡㅡㅡㅡㅡㅡㅡㅡㅡㅡㅡㅡㅡㅡㅡㅡㅡㅡㅡㅡ
Loss : 0.013416     0 / 139386
Loss : 0.013763 12800 / 139386
Loss : 0.145591 25600 / 139386
Loss : 0.054458 38400 / 139386
Loss : 0.162625 51200 / 139386
Loss : 0.260666 64000 / 139386
Loss : 0.007724 76800 / 139386
Loss : 0.055250 89600 / 139386
Loss : 0.088400 102400 / 139386
Loss : 0.054348 115200 / 139386
Loss : 0.061248 128000 / 139386
Test Error: 
 Accuracy: 96.9%, Avg loss: 0.098188 

Used Time : 0m 49.72s
Epoch 113 
 ㅡㅡㅡㅡㅡㅡㅡㅡㅡㅡㅡㅡㅡㅡㅡㅡㅡㅡㅡㅡㅡㅡㅡㅡㅡㅡㅡ
Loss : 0.058532     0 / 139386
Loss : 0.094675 12800 / 139386
Loss : 0.000351 25600 / 139386
Loss : 0.053681 38400 / 139386
Loss : 0.036217 51200 / 139386
Loss : 0.045250 64000 / 139386
Loss : 0.084683 76800 / 139386
Loss : 0.259669 89600 / 139386
Loss : 0.265542 102400 / 139386
Loss : 0.118385 115200 / 139386
Loss : 0.105992 128000 / 139386
Test Error: 
 Accuracy: 97.2%, Avg loss: 0.082442 

Used Time : 0m 49.82s
Epoch 114 
 ㅡㅡㅡㅡㅡㅡㅡㅡㅡㅡㅡㅡㅡㅡㅡㅡㅡㅡㅡㅡㅡㅡㅡㅡㅡㅡㅡ
Loss : 0.104995     0 / 139386
Loss : 0.061717 12800 / 139386
Loss : 0.008435 25600 / 139386
Loss : 0.015758 38400 / 139386
Loss : 0.021754 51200 / 139386
Loss : 0.095093 64000 / 139386
Loss : 0.332075 76800 / 139386
Loss : 0.068020 89600 / 139386
Loss : 0.016461 102400 / 139386
Loss : 0.194318 115200 / 139386
Loss : 0.052486 128000 / 139386
Test Error: 
 Accuracy: 97.1%, Avg loss: 0.088056 

Used Time : 0m 49.81s
Epoch 115 
 ㅡㅡㅡㅡㅡㅡㅡㅡㅡㅡㅡㅡㅡㅡㅡㅡㅡㅡㅡㅡㅡㅡㅡㅡㅡㅡㅡ
Loss : 0.055181     0 / 139386
Loss : 0.092294 12800 / 139386
Loss : 0.049802 25600 / 139386
Loss : 0.132911 38400 / 139386
Loss : 0.133056 51200 / 139386
Loss : 0.035693 64000 / 139386
Loss : 0.024500 76800 / 139386
Loss : 0.109790 89600 / 139386
Loss : 0.144038 102400 / 139386
Loss : 0.006249 115200 / 139386
Loss : 0.068710 128000 / 139386
Test Error: 
 Accuracy: 96.8%, Avg loss: 0.094434 

Used Time : 0m 49.64s
Epoch 116 
 ㅡㅡㅡㅡㅡㅡㅡㅡㅡㅡㅡㅡㅡㅡㅡㅡㅡㅡㅡㅡㅡㅡㅡㅡㅡㅡㅡ
Loss : 0.086772     0 / 139386
Loss : 0.000611 12800 / 139386
Loss : 0.017214 25600 / 139386
Loss : 0.223929 38400 / 139386
Loss : 0.019820 51200 / 139386
Loss : 0.033723 64000 / 139386
Loss : 0.034988 76800 / 139386
Loss : 0.078547 89600 / 139386
Loss : 0.075319 102400 / 139386
Loss : 0.041623 115200 / 139386
Loss : 0.022939 128000 / 139386
Test Error: 
 Accuracy: 97.2%, Avg loss: 0.083000 

Used Time : 0m 50.12s
Epoch 117 
 ㅡㅡㅡㅡㅡㅡㅡㅡㅡㅡㅡㅡㅡㅡㅡㅡㅡㅡㅡㅡㅡㅡㅡㅡㅡㅡㅡ
Loss : 0.024198     0 / 139386
Loss : 0.089656 12800 / 139386
Loss : 0.065786 25600 / 139386
Loss : 0.172079 38400 / 139386
Loss : 0.266074 51200 / 139386
Loss : 0.108972 64000 / 139386
Loss : 0.085815 76800 / 139386
Loss : 0.018988 89600 / 139386
Loss : 0.082928 102400 / 139386
Loss : 0.094324 115200 / 139386
Loss : 0.080817 128000 / 139386
Test Error: 
 Accuracy: 97.1%, Avg loss: 0.085745 

Used Time : 0m 50.09s
Epoch 118 
 ㅡㅡㅡㅡㅡㅡㅡㅡㅡㅡㅡㅡㅡㅡㅡㅡㅡㅡㅡㅡㅡㅡㅡㅡㅡㅡㅡ
Loss : 0.051807     0 / 139386
Loss : 0.004999 12800 / 139386
Loss : 0.140231 25600 / 139386
Loss : 0.072667 38400 / 139386
Loss : 0.039824 51200 / 139386
Loss : 0.162649 64000 / 139386
Loss : 0.100040 76800 / 139386
Loss : 0.101491 89600 / 139386
Loss : 0.080190 102400 / 139386
Loss : 0.033855 115200 / 139386
Loss : 0.117853 128000 / 139386
Test Error: 
 Accuracy: 97.1%, Avg loss: 0.082673 

Used Time : 0m 49.80s
Epoch 119 
 ㅡㅡㅡㅡㅡㅡㅡㅡㅡㅡㅡㅡㅡㅡㅡㅡㅡㅡㅡㅡㅡㅡㅡㅡㅡㅡㅡ
Loss : 0.033974     0 / 139386
Loss : 0.038780 12800 / 139386
Loss : 0.111871 25600 / 139386
Loss : 0.093047 38400 / 139386
Loss : 0.075080 51200 / 139386
Loss : 0.043145 64000 / 139386
Loss : 0.114473 76800 / 139386
Loss : 0.053002 89600 / 139386
Loss : 0.064558 102400 / 139386
Loss : 0.069238 115200 / 139386
Loss : 0.158501 128000 / 139386
Test Error: 
 Accuracy: 97.2%, Avg loss: 0.085750 

Used Time : 0m 49.48s
Epoch 120 
 ㅡㅡㅡㅡㅡㅡㅡㅡㅡㅡㅡㅡㅡㅡㅡㅡㅡㅡㅡㅡㅡㅡㅡㅡㅡㅡㅡ
Loss : 0.064528     0 / 139386
Loss : 0.116050 12800 / 139386
Loss : 0.002034 25600 / 139386
Loss : 0.028117 38400 / 139386
Loss : 0.166014 51200 / 139386
Loss : 0.211554 64000 / 139386
Loss : 0.025836 76800 / 139386
Loss : 0.070193 89600 / 139386
Loss : 0.129522 102400 / 139386
Loss : 0.176327 115200 / 139386
Loss : 0.174843 128000 / 139386
Test Error: 
 Accuracy: 97.3%, Avg loss: 0.084683 

Used Time : 0m 49.66s
Epoch 121 
 ㅡㅡㅡㅡㅡㅡㅡㅡㅡㅡㅡㅡㅡㅡㅡㅡㅡㅡㅡㅡㅡㅡㅡㅡㅡㅡㅡ
Loss : 0.002600     0 / 139386
Loss : 0.040616 12800 / 139386
Loss : 0.018068 25600 / 139386
Loss : 0.031977 38400 / 139386
Loss : 0.011928 51200 / 139386
Loss : 0.118567 64000 / 139386
Loss : 0.030881 76800 / 139386
Loss : 0.047899 89600 / 139386
Loss : 0.109571 102400 / 139386
Loss : 0.023700 115200 / 139386
Loss : 0.154254 128000 / 139386
Test Error: 
 Accuracy: 97.2%, Avg loss: 0.086387 

Used Time : 0m 49.63s
Epoch 122 
 ㅡㅡㅡㅡㅡㅡㅡㅡㅡㅡㅡㅡㅡㅡㅡㅡㅡㅡㅡㅡㅡㅡㅡㅡㅡㅡㅡ
Loss : 0.204187     0 / 139386
Loss : 0.039791 12800 / 139386
Loss : 0.071992 25600 / 139386
Loss : 0.099511 38400 / 139386
Loss : 0.033820 51200 / 139386
Loss : 0.056422 64000 / 139386
Loss : 0.073583 76800 / 139386
Loss : 0.121686 89600 / 139386
Loss : 0.080324 102400 / 139386
Loss : 0.026488 115200 / 139386
Loss : 0.072250 128000 / 139386
Test Error: 
 Accuracy: 97.2%, Avg loss: 0.079358 

Used Time : 0m 49.96s
Epoch 123 
 ㅡㅡㅡㅡㅡㅡㅡㅡㅡㅡㅡㅡㅡㅡㅡㅡㅡㅡㅡㅡㅡㅡㅡㅡㅡㅡㅡ
Loss : 0.007961     0 / 139386
Loss : 0.107136 12800 / 139386
Loss : 0.101375 25600 / 139386
Loss : 0.025773 38400 / 139386
Loss : 0.170946 51200 / 139386
Loss : 0.089274 64000 / 139386
Loss : 0.018017 76800 / 139386
Loss : 0.047029 89600 / 139386
Loss : 0.094740 102400 / 139386
Loss : 0.124222 115200 / 139386
Loss : 0.126288 128000 / 139386
Test Error: 
 Accuracy: 96.8%, Avg loss: 0.087982 

Used Time : 0m 50.18s
Epoch 124 
 ㅡㅡㅡㅡㅡㅡㅡㅡㅡㅡㅡㅡㅡㅡㅡㅡㅡㅡㅡㅡㅡㅡㅡㅡㅡㅡㅡ
Loss : 0.077848     0 / 139386
Loss : 0.029933 12800 / 139386
Loss : 0.087756 25600 / 139386
Loss : 0.004196 38400 / 139386
Loss : 0.085397 51200 / 139386
Loss : 0.088782 64000 / 139386
Loss : 0.195891 76800 / 139386
Loss : 0.011369 89600 / 139386
Loss : 0.073082 102400 / 139386
Loss : 0.023397 115200 / 139386
Loss : 0.043199 128000 / 139386
Test Error: 
 Accuracy: 97.1%, Avg loss: 0.080979 

Used Time : 0m 50.18s
Epoch 125 
 ㅡㅡㅡㅡㅡㅡㅡㅡㅡㅡㅡㅡㅡㅡㅡㅡㅡㅡㅡㅡㅡㅡㅡㅡㅡㅡㅡ
Loss : 0.094268     0 / 139386
Loss : 0.085896 12800 / 139386
Loss : 0.062721 25600 / 139386
Loss : 0.003036 38400 / 139386
Loss : 0.015397 51200 / 139386
Loss : 0.078378 64000 / 139386
Loss : 0.179369 76800 / 139386
Loss : 0.092890 89600 / 139386
Loss : 0.125773 102400 / 139386
Loss : 0.003156 115200 / 139386
Loss : 0.137541 128000 / 139386
Test Error: 
 Accuracy: 97.2%, Avg loss: 0.080034 

Used Time : 0m 50.60s
Epoch 126 
 ㅡㅡㅡㅡㅡㅡㅡㅡㅡㅡㅡㅡㅡㅡㅡㅡㅡㅡㅡㅡㅡㅡㅡㅡㅡㅡㅡ
Loss : 0.046089     0 / 139386
Loss : 0.032014 12800 / 139386
Loss : 0.054916 25600 / 139386
Loss : 0.024616 38400 / 139386
Loss : 0.068637 51200 / 139386
Loss : 0.032111 64000 / 139386
Loss : 0.029159 76800 / 139386
Loss : 0.054381 89600 / 139386
Loss : 0.039075 102400 / 139386
Loss : 0.041678 115200 / 139386
Loss : 0.070270 128000 / 139386
Test Error: 
 Accuracy: 96.9%, Avg loss: 0.087330 

Used Time : 0m 49.72s
Epoch 127 
 ㅡㅡㅡㅡㅡㅡㅡㅡㅡㅡㅡㅡㅡㅡㅡㅡㅡㅡㅡㅡㅡㅡㅡㅡㅡㅡㅡ
Loss : 0.064401     0 / 139386
Loss : 0.117346 12800 / 139386
Loss : 0.070448 25600 / 139386
Loss : 0.066034 38400 / 139386
Loss : 0.013465 51200 / 139386
Loss : 0.050561 64000 / 139386
Loss : 0.026789 76800 / 139386
Loss : 0.016842 89600 / 139386
Loss : 0.028574 102400 / 139386
Loss : 0.100569 115200 / 139386
Loss : 0.105270 128000 / 139386
Test Error: 
 Accuracy: 97.1%, Avg loss: 0.082845 

Used Time : 0m 49.59s
Epoch 128 
 ㅡㅡㅡㅡㅡㅡㅡㅡㅡㅡㅡㅡㅡㅡㅡㅡㅡㅡㅡㅡㅡㅡㅡㅡㅡㅡㅡ
Loss : 0.013919     0 / 139386
Loss : 0.072045 12800 / 139386
Loss : 0.115616 25600 / 139386
Loss : 0.053968 38400 / 139386
Loss : 0.050498 51200 / 139386
Loss : 0.200033 64000 / 139386
Loss : 0.068133 76800 / 139386
Loss : 0.121910 89600 / 139386
Loss : 0.046274 102400 / 139386
Loss : 0.166959 115200 / 139386
Loss : 0.020481 128000 / 139386
Test Error: 
 Accuracy: 97.2%, Avg loss: 0.084205 

Used Time : 0m 50.06s
Epoch 129 
 ㅡㅡㅡㅡㅡㅡㅡㅡㅡㅡㅡㅡㅡㅡㅡㅡㅡㅡㅡㅡㅡㅡㅡㅡㅡㅡㅡ
Loss : 0.089050     0 / 139386
Loss : 0.009108 12800 / 139386
Loss : 0.161740 25600 / 139386
Loss : 0.069998 38400 / 139386
Loss : 0.023696 51200 / 139386
Loss : 0.014401 64000 / 139386
Loss : 0.136612 76800 / 139386
Loss : 0.172796 89600 / 139386
Loss : 0.217703 102400 / 139386
Loss : 0.047359 115200 / 139386
Loss : 0.021000 128000 / 139386
Test Error: 
 Accuracy: 97.2%, Avg loss: 0.083060 

Used Time : 0m 49.96s
Epoch 130 
 ㅡㅡㅡㅡㅡㅡㅡㅡㅡㅡㅡㅡㅡㅡㅡㅡㅡㅡㅡㅡㅡㅡㅡㅡㅡㅡㅡ
Loss : 0.010709     0 / 139386
Loss : 0.085055 12800 / 139386
Loss : 0.214462 25600 / 139386
Loss : 0.065206 38400 / 139386
Loss : 0.031824 51200 / 139386
Loss : 0.135208 64000 / 139386
Loss : 0.062297 76800 / 139386
Loss : 0.050924 89600 / 139386
Loss : 0.129248 102400 / 139386
Loss : 0.014812 115200 / 139386
Loss : 0.026145 128000 / 139386
Test Error: 
 Accuracy: 97.1%, Avg loss: 0.084582 

Used Time : 0m 49.88s
Epoch 131 
 ㅡㅡㅡㅡㅡㅡㅡㅡㅡㅡㅡㅡㅡㅡㅡㅡㅡㅡㅡㅡㅡㅡㅡㅡㅡㅡㅡ
Loss : 0.052206     0 / 139386
Loss : 0.051063 12800 / 139386
Loss : 0.059926 25600 / 139386
Loss : 0.107074 38400 / 139386
Loss : 0.066053 51200 / 139386
Loss : 0.034239 64000 / 139386
Loss : 0.103106 76800 / 139386
Loss : 0.051016 89600 / 139386
Loss : 0.144367 102400 / 139386
Loss : 0.029570 115200 / 139386
Loss : 0.169226 128000 / 139386
Test Error: 
 Accuracy: 97.1%, Avg loss: 0.083442 

Used Time : 0m 49.86s
Epoch 132 
 ㅡㅡㅡㅡㅡㅡㅡㅡㅡㅡㅡㅡㅡㅡㅡㅡㅡㅡㅡㅡㅡㅡㅡㅡㅡㅡㅡ
Loss : 0.087687     0 / 139386
Loss : 0.004312 12800 / 139386
Loss : 0.040077 25600 / 139386
Loss : 0.202498 38400 / 139386
Loss : 0.086452 51200 / 139386
Loss : 0.149411 64000 / 139386
Loss : 0.023563 76800 / 139386
Loss : 0.042141 89600 / 139386
Loss : 0.166533 102400 / 139386
Loss : 0.031648 115200 / 139386
Loss : 0.038897 128000 / 139386
Test Error: 
 Accuracy: 97.3%, Avg loss: 0.086620 

Used Time : 0m 50.03s
Epoch 133 
 ㅡㅡㅡㅡㅡㅡㅡㅡㅡㅡㅡㅡㅡㅡㅡㅡㅡㅡㅡㅡㅡㅡㅡㅡㅡㅡㅡ
Loss : 0.045422     0 / 139386
Loss : 0.092384 12800 / 139386
Loss : 0.041786 25600 / 139386
Loss : 0.226539 38400 / 139386
Loss : 0.053951 51200 / 139386
Loss : 0.054302 64000 / 139386
Loss : 0.000992 76800 / 139386
Loss : 0.174977 89600 / 139386
Loss : 0.028742 102400 / 139386
Loss : 0.077896 115200 / 139386
Loss : 0.058867 128000 / 139386
Test Error: 
 Accuracy: 97.2%, Avg loss: 0.082833 

Used Time : 0m 49.40s
Epoch 134 
 ㅡㅡㅡㅡㅡㅡㅡㅡㅡㅡㅡㅡㅡㅡㅡㅡㅡㅡㅡㅡㅡㅡㅡㅡㅡㅡㅡ
Loss : 0.055919     0 / 139386
Loss : 0.086115 12800 / 139386
Loss : 0.014947 25600 / 139386
Loss : 0.073596 38400 / 139386
Loss : 0.038969 51200 / 139386
Loss : 0.007434 64000 / 139386
Loss : 0.030483 76800 / 139386
Loss : 0.059630 89600 / 139386
Loss : 0.053282 102400 / 139386
Loss : 0.056835 115200 / 139386
Loss : 0.038123 128000 / 139386
Test Error: 
 Accuracy: 97.3%, Avg loss: 0.084914 

Used Time : 0m 49.96s
Epoch 135 
 ㅡㅡㅡㅡㅡㅡㅡㅡㅡㅡㅡㅡㅡㅡㅡㅡㅡㅡㅡㅡㅡㅡㅡㅡㅡㅡㅡ
Loss : 0.006537     0 / 139386
Loss : 0.024570 12800 / 139386
Loss : 0.170343 25600 / 139386
Loss : 0.199678 38400 / 139386
Loss : 0.061428 51200 / 139386
Loss : 0.007854 64000 / 139386
Loss : 0.054256 76800 / 139386
Loss : 0.000767 89600 / 139386
Loss : 0.086992 102400 / 139386
Loss : 0.043378 115200 / 139386
Loss : 0.125755 128000 / 139386
Test Error: 
 Accuracy: 97.1%, Avg loss: 0.087329 

Used Time : 0m 49.98s
Epoch 136 
 ㅡㅡㅡㅡㅡㅡㅡㅡㅡㅡㅡㅡㅡㅡㅡㅡㅡㅡㅡㅡㅡㅡㅡㅡㅡㅡㅡ
Loss : 0.021042     0 / 139386
Loss : 0.054710 12800 / 139386
Loss : 0.111738 25600 / 139386
Loss : 0.017430 38400 / 139386
Loss : 0.029266 51200 / 139386
Loss : 0.005136 64000 / 139386
Loss : 0.017970 76800 / 139386
Loss : 0.143875 89600 / 139386
Loss : 0.075535 102400 / 139386
Loss : 0.193249 115200 / 139386
Loss : 0.013247 128000 / 139386
Test Error: 
 Accuracy: 97.4%, Avg loss: 0.078135 

Used Time : 0m 49.98s
Epoch 137 
 ㅡㅡㅡㅡㅡㅡㅡㅡㅡㅡㅡㅡㅡㅡㅡㅡㅡㅡㅡㅡㅡㅡㅡㅡㅡㅡㅡ
Loss : 0.021554     0 / 139386
Loss : 0.065927 12800 / 139386
Loss : 0.107990 25600 / 139386
Loss : 0.029793 38400 / 139386
Loss : 0.160123 51200 / 139386
Loss : 0.005609 64000 / 139386
Loss : 0.049348 76800 / 139386
Loss : 0.095022 89600 / 139386
Loss : 0.166518 102400 / 139386
Loss : 0.038626 115200 / 139386
Loss : 0.027168 128000 / 139386
Test Error: 
 Accuracy: 97.3%, Avg loss: 0.081589 

Used Time : 0m 49.78s
Epoch 138 
 ㅡㅡㅡㅡㅡㅡㅡㅡㅡㅡㅡㅡㅡㅡㅡㅡㅡㅡㅡㅡㅡㅡㅡㅡㅡㅡㅡ
Loss : 0.080170     0 / 139386
Loss : 0.039974 12800 / 139386
Loss : 0.032491 25600 / 139386
Loss : 0.023468 38400 / 139386
Loss : 0.101696 51200 / 139386
Loss : 0.063853 64000 / 139386
Loss : 0.014028 76800 / 139386
Loss : 0.034279 89600 / 139386
Loss : 0.064055 102400 / 139386
Loss : 0.019472 115200 / 139386
Loss : 0.072059 128000 / 139386
Test Error: 
 Accuracy: 97.3%, Avg loss: 0.083942 

Used Time : 0m 50.38s
Epoch 139 
 ㅡㅡㅡㅡㅡㅡㅡㅡㅡㅡㅡㅡㅡㅡㅡㅡㅡㅡㅡㅡㅡㅡㅡㅡㅡㅡㅡ
Loss : 0.081617     0 / 139386
Loss : 0.001892 12800 / 139386
Loss : 0.015629 25600 / 139386
Loss : 0.105450 38400 / 139386
Loss : 0.245408 51200 / 139386
Loss : 0.041572 64000 / 139386
Loss : 0.013058 76800 / 139386
Loss : 0.032083 89600 / 139386
Loss : 0.074768 102400 / 139386
Loss : 0.001080 115200 / 139386
Loss : 0.120297 128000 / 139386
Test Error: 
 Accuracy: 97.3%, Avg loss: 0.076702 

Used Time : 0m 50.07s
Epoch 140 
 ㅡㅡㅡㅡㅡㅡㅡㅡㅡㅡㅡㅡㅡㅡㅡㅡㅡㅡㅡㅡㅡㅡㅡㅡㅡㅡㅡ
Loss : 0.073568     0 / 139386
Loss : 0.010416 12800 / 139386
Loss : 0.089449 25600 / 139386
Loss : 0.003031 38400 / 139386
Loss : 0.028992 51200 / 139386
Loss : 0.090076 64000 / 139386
Loss : 0.064920 76800 / 139386
Loss : 0.024330 89600 / 139386
Loss : 0.050703 102400 / 139386
Loss : 0.003620 115200 / 139386
Loss : 0.030430 128000 / 139386
Test Error: 
 Accuracy: 97.4%, Avg loss: 0.077734 

Used Time : 0m 49.60s
Epoch 141 
 ㅡㅡㅡㅡㅡㅡㅡㅡㅡㅡㅡㅡㅡㅡㅡㅡㅡㅡㅡㅡㅡㅡㅡㅡㅡㅡㅡ
Loss : 0.092793     0 / 139386
Loss : 0.163412 12800 / 139386
Loss : 0.025767 25600 / 139386
Loss : 0.014333 38400 / 139386
Loss : 0.023422 51200 / 139386
Loss : 0.039368 64000 / 139386
Loss : 0.097382 76800 / 139386
Loss : 0.068263 89600 / 139386
Loss : 0.024719 102400 / 139386
Loss : 0.013541 115200 / 139386
Loss : 0.074895 128000 / 139386
Test Error: 
 Accuracy: 97.1%, Avg loss: 0.081257 

Used Time : 0m 50.03s
Epoch 142 
 ㅡㅡㅡㅡㅡㅡㅡㅡㅡㅡㅡㅡㅡㅡㅡㅡㅡㅡㅡㅡㅡㅡㅡㅡㅡㅡㅡ
Loss : 0.042215     0 / 139386
Loss : 0.116753 12800 / 139386
Loss : 0.077549 25600 / 139386
Loss : 0.059339 38400 / 139386
Loss : 0.030637 51200 / 139386
Loss : 0.052920 64000 / 139386
Loss : 0.149503 76800 / 139386
Loss : 0.035224 89600 / 139386
Loss : 0.041377 102400 / 139386
Loss : 0.028682 115200 / 139386
Loss : 0.166928 128000 / 139386
Test Error: 
 Accuracy: 97.3%, Avg loss: 0.079304 

Used Time : 0m 49.97s
Epoch 143 
 ㅡㅡㅡㅡㅡㅡㅡㅡㅡㅡㅡㅡㅡㅡㅡㅡㅡㅡㅡㅡㅡㅡㅡㅡㅡㅡㅡ
Loss : 0.170955     0 / 139386
Loss : 0.026569 12800 / 139386
Loss : 0.007139 25600 / 139386
Loss : 0.160230 38400 / 139386
Loss : 0.017585 51200 / 139386
Loss : 0.003957 64000 / 139386
Loss : 0.110344 76800 / 139386
Loss : 0.090470 89600 / 139386
Loss : 0.023449 102400 / 139386
Loss : 0.187649 115200 / 139386
Loss : 0.075871 128000 / 139386
Test Error: 
 Accuracy: 97.4%, Avg loss: 0.083605 

Used Time : 0m 50.00s
Epoch 144 
 ㅡㅡㅡㅡㅡㅡㅡㅡㅡㅡㅡㅡㅡㅡㅡㅡㅡㅡㅡㅡㅡㅡㅡㅡㅡㅡㅡ
Loss : 0.093500     0 / 139386
Loss : 0.082270 12800 / 139386
Loss : 0.098898 25600 / 139386
Loss : 0.091961 38400 / 139386
Loss : 0.066454 51200 / 139386
Loss : 0.182327 64000 / 139386
Loss : 0.019641 76800 / 139386
Loss : 0.166438 89600 / 139386
Loss : 0.045394 102400 / 139386
Loss : 0.047753 115200 / 139386
Loss : 0.012009 128000 / 139386
Test Error: 
 Accuracy: 97.1%, Avg loss: 0.088559 

Used Time : 0m 49.93s
Epoch 145 
 ㅡㅡㅡㅡㅡㅡㅡㅡㅡㅡㅡㅡㅡㅡㅡㅡㅡㅡㅡㅡㅡㅡㅡㅡㅡㅡㅡ
Loss : 0.042755     0 / 139386
Loss : 0.096552 12800 / 139386
Loss : 0.014594 25600 / 139386
Loss : 0.131653 38400 / 139386
Loss : 0.108146 51200 / 139386
Loss : 0.033093 64000 / 139386
Loss : 0.101582 76800 / 139386
Loss : 0.078016 89600 / 139386
Loss : 0.037825 102400 / 139386
Loss : 0.047833 115200 / 139386
Loss : 0.059028 128000 / 139386
Test Error: 
 Accuracy: 97.3%, Avg loss: 0.079357 

Used Time : 0m 50.35s
Epoch 146 
 ㅡㅡㅡㅡㅡㅡㅡㅡㅡㅡㅡㅡㅡㅡㅡㅡㅡㅡㅡㅡㅡㅡㅡㅡㅡㅡㅡ
Loss : 0.074997     0 / 139386
Loss : 0.101674 12800 / 139386
Loss : 0.126352 25600 / 139386
Loss : 0.043889 38400 / 139386
Loss : 0.112759 51200 / 139386
Loss : 0.021537 64000 / 139386
Loss : 0.130068 76800 / 139386
Loss : 0.061551 89600 / 139386
Loss : 0.130698 102400 / 139386
Loss : 0.040720 115200 / 139386
Loss : 0.070668 128000 / 139386
Test Error: 
 Accuracy: 97.2%, Avg loss: 0.083561 

Used Time : 0m 50.45s
Epoch 147 
 ㅡㅡㅡㅡㅡㅡㅡㅡㅡㅡㅡㅡㅡㅡㅡㅡㅡㅡㅡㅡㅡㅡㅡㅡㅡㅡㅡ
Loss : 0.018474     0 / 139386
Loss : 0.020163 12800 / 139386
Loss : 0.072139 25600 / 139386
Loss : 0.098935 38400 / 139386
Loss : 0.029376 51200 / 139386
Loss : 0.021613 64000 / 139386
Loss : 0.079280 76800 / 139386
Loss : 0.064493 89600 / 139386
Loss : 0.137120 102400 / 139386
Loss : 0.158798 115200 / 139386
Loss : 0.074284 128000 / 139386
Test Error: 
 Accuracy: 97.5%, Avg loss: 0.080377 

Used Time : 0m 50.14s
Epoch 148 
 ㅡㅡㅡㅡㅡㅡㅡㅡㅡㅡㅡㅡㅡㅡㅡㅡㅡㅡㅡㅡㅡㅡㅡㅡㅡㅡㅡ
Loss : 0.034966     0 / 139386
Loss : 0.039049 12800 / 139386
Loss : 0.024547 25600 / 139386
Loss : 0.044072 38400 / 139386
Loss : 0.220535 51200 / 139386
Loss : 0.165727 64000 / 139386
Loss : 0.016861 76800 / 139386
Loss : 0.110829 89600 / 139386
Loss : 0.088734 102400 / 139386
Loss : 0.160065 115200 / 139386
Loss : 0.032289 128000 / 139386
Test Error: 
 Accuracy: 97.3%, Avg loss: 0.082243 

Used Time : 0m 49.90s
Epoch 149 
 ㅡㅡㅡㅡㅡㅡㅡㅡㅡㅡㅡㅡㅡㅡㅡㅡㅡㅡㅡㅡㅡㅡㅡㅡㅡㅡㅡ
Loss : 0.125052     0 / 139386
Loss : 0.136642 12800 / 139386
Loss : 0.008475 25600 / 139386
Loss : 0.013102 38400 / 139386
Loss : 0.007246 51200 / 139386
Loss : 0.011043 64000 / 139386
Loss : 0.154656 76800 / 139386
Loss : 0.015688 89600 / 139386
Loss : 0.060766 102400 / 139386
Loss : 0.131635 115200 / 139386
Loss : 0.078922 128000 / 139386
Test Error: 
 Accuracy: 97.1%, Avg loss: 0.077703 

Used Time : 0m 49.83s
Epoch 150 
 ㅡㅡㅡㅡㅡㅡㅡㅡㅡㅡㅡㅡㅡㅡㅡㅡㅡㅡㅡㅡㅡㅡㅡㅡㅡㅡㅡ
Loss : 0.077850     0 / 139386
Loss : 0.065646 12800 / 139386
Loss : 0.033764 25600 / 139386
Loss : 0.054836 38400 / 139386
Loss : 0.006811 51200 / 139386
Loss : 0.251675 64000 / 139386
Loss : 0.178682 76800 / 139386
Loss : 0.138301 89600 / 139386
Loss : 0.068262 102400 / 139386
Loss : 0.035967 115200 / 139386
Loss : 0.090574 128000 / 139386
Test Error: 
 Accuracy: 97.2%, Avg loss: 0.080911 

Used Time : 0m 49.77s
Epoch 151 
 ㅡㅡㅡㅡㅡㅡㅡㅡㅡㅡㅡㅡㅡㅡㅡㅡㅡㅡㅡㅡㅡㅡㅡㅡㅡㅡㅡ
Loss : 0.135205     0 / 139386
Loss : 0.068745 12800 / 139386
Loss : 0.112912 25600 / 139386
Loss : 0.077451 38400 / 139386
Loss : 0.021057 51200 / 139386
Loss : 0.105408 64000 / 139386
Loss : 0.064956 76800 / 139386
Loss : 0.008147 89600 / 139386
Loss : 0.010700 102400 / 139386
Loss : 0.129457 115200 / 139386
Loss : 0.022806 128000 / 139386
Test Error: 
 Accuracy: 97.1%, Avg loss: 0.083775 

Used Time : 0m 50.15s
Epoch 152 
 ㅡㅡㅡㅡㅡㅡㅡㅡㅡㅡㅡㅡㅡㅡㅡㅡㅡㅡㅡㅡㅡㅡㅡㅡㅡㅡㅡ
Loss : 0.022228     0 / 139386
Loss : 0.010400 12800 / 139386
Loss : 0.066519 25600 / 139386
Loss : 0.012910 38400 / 139386
Loss : 0.079047 51200 / 139386
Loss : 0.095388 64000 / 139386
Loss : 0.030651 76800 / 139386
Loss : 0.117939 89600 / 139386
Loss : 0.012581 102400 / 139386
Loss : 0.137442 115200 / 139386
Loss : 0.041328 128000 / 139386
Test Error: 
 Accuracy: 97.2%, Avg loss: 0.080293 

Used Time : 0m 50.01s
Epoch 153 
 ㅡㅡㅡㅡㅡㅡㅡㅡㅡㅡㅡㅡㅡㅡㅡㅡㅡㅡㅡㅡㅡㅡㅡㅡㅡㅡㅡ
Loss : 0.073951     0 / 139386
Loss : 0.087505 12800 / 139386
Loss : 0.148955 25600 / 139386
Loss : 0.018466 38400 / 139386
Loss : 0.080001 51200 / 139386
Loss : 0.019462 64000 / 139386
Loss : 0.445300 76800 / 139386
Loss : 0.135644 89600 / 139386
Loss : 0.174475 102400 / 139386
Loss : 0.127933 115200 / 139386
Loss : 0.170235 128000 / 139386
Test Error: 
 Accuracy: 96.9%, Avg loss: 0.086610 

Used Time : 0m 49.68s
Epoch 154 
 ㅡㅡㅡㅡㅡㅡㅡㅡㅡㅡㅡㅡㅡㅡㅡㅡㅡㅡㅡㅡㅡㅡㅡㅡㅡㅡㅡ
Loss : 0.003003     0 / 139386
Loss : 0.087352 12800 / 139386
Loss : 0.069649 25600 / 139386
Loss : 0.131397 38400 / 139386
Loss : 0.060569 51200 / 139386
Loss : 0.034921 64000 / 139386
Loss : 0.044844 76800 / 139386
Loss : 0.079932 89600 / 139386
Loss : 0.185008 102400 / 139386
Loss : 0.009473 115200 / 139386
Loss : 0.150550 128000 / 139386
Test Error: 
 Accuracy: 97.3%, Avg loss: 0.079444 

Used Time : 0m 50.28s
Epoch 155 
 ㅡㅡㅡㅡㅡㅡㅡㅡㅡㅡㅡㅡㅡㅡㅡㅡㅡㅡㅡㅡㅡㅡㅡㅡㅡㅡㅡ
Loss : 0.045288     0 / 139386
Loss : 0.118904 12800 / 139386
Loss : 0.036141 25600 / 139386
Loss : 0.082537 38400 / 139386
Loss : 0.155330 51200 / 139386
Loss : 0.012202 64000 / 139386
Loss : 0.050084 76800 / 139386
Loss : 0.034719 89600 / 139386
Loss : 0.043593 102400 / 139386
Loss : 0.041829 115200 / 139386
Loss : 0.075147 128000 / 139386
Test Error: 
 Accuracy: 97.2%, Avg loss: 0.084479 

Used Time : 0m 49.56s
Epoch 156 
 ㅡㅡㅡㅡㅡㅡㅡㅡㅡㅡㅡㅡㅡㅡㅡㅡㅡㅡㅡㅡㅡㅡㅡㅡㅡㅡㅡ
Loss : 0.054284     0 / 139386
Loss : 0.105799 12800 / 139386
Loss : 0.009809 25600 / 139386
Loss : 0.282518 38400 / 139386
Loss : 0.110748 51200 / 139386
Loss : 0.111417 64000 / 139386
Loss : 0.018575 76800 / 139386
Loss : 0.126964 89600 / 139386
Loss : 0.050342 102400 / 139386
Loss : 0.067965 115200 / 139386
Loss : 0.128676 128000 / 139386
Test Error: 
 Accuracy: 97.3%, Avg loss: 0.093076 

Used Time : 0m 49.65s
Epoch 157 
 ㅡㅡㅡㅡㅡㅡㅡㅡㅡㅡㅡㅡㅡㅡㅡㅡㅡㅡㅡㅡㅡㅡㅡㅡㅡㅡㅡ
Loss : 0.139145     0 / 139386
Loss : 0.052713 12800 / 139386
Loss : 0.041561 25600 / 139386
Loss : 0.165299 38400 / 139386
Loss : 0.101592 51200 / 139386
Loss : 0.057851 64000 / 139386
Loss : 0.192541 76800 / 139386
Loss : 0.083964 89600 / 139386
Loss : 0.069557 102400 / 139386
Loss : 0.035353 115200 / 139386
Loss : 0.068475 128000 / 139386
Test Error: 
 Accuracy: 97.3%, Avg loss: 0.086492 

Used Time : 0m 49.71s
Epoch 158 
 ㅡㅡㅡㅡㅡㅡㅡㅡㅡㅡㅡㅡㅡㅡㅡㅡㅡㅡㅡㅡㅡㅡㅡㅡㅡㅡㅡ
Loss : 0.087710     0 / 139386
Loss : 0.047190 12800 / 139386
Loss : 0.034880 25600 / 139386
Loss : 0.130442 38400 / 139386
Loss : 0.063110 51200 / 139386
Loss : 0.047688 64000 / 139386
Loss : 0.132845 76800 / 139386
Loss : 0.045540 89600 / 139386
Loss : 0.070188 102400 / 139386
Loss : 0.001771 115200 / 139386
Loss : 0.058041 128000 / 139386
Test Error: 
 Accuracy: 97.1%, Avg loss: 0.087967 

Used Time : 0m 49.82s
Epoch 159 
 ㅡㅡㅡㅡㅡㅡㅡㅡㅡㅡㅡㅡㅡㅡㅡㅡㅡㅡㅡㅡㅡㅡㅡㅡㅡㅡㅡ
Loss : 0.056969     0 / 139386
Loss : 0.002630 12800 / 139386
Loss : 0.019962 25600 / 139386
Loss : 0.010893 38400 / 139386
Loss : 0.229513 51200 / 139386
Loss : 0.077500 64000 / 139386
Loss : 0.041056 76800 / 139386
Loss : 0.103622 89600 / 139386
Loss : 0.063098 102400 / 139386
Loss : 0.066860 115200 / 139386
Loss : 0.076121 128000 / 139386
Test Error: 
 Accuracy: 96.6%, Avg loss: 0.095946 

Used Time : 0m 50.41s
Epoch 160 
 ㅡㅡㅡㅡㅡㅡㅡㅡㅡㅡㅡㅡㅡㅡㅡㅡㅡㅡㅡㅡㅡㅡㅡㅡㅡㅡㅡ
Loss : 0.042101     0 / 139386
Loss : 0.004276 12800 / 139386
Loss : 0.062754 25600 / 139386
Loss : 0.080654 38400 / 139386
Loss : 0.114906 51200 / 139386
Loss : 0.202157 64000 / 139386
Loss : 0.021518 76800 / 139386
Loss : 0.190531 89600 / 139386
Loss : 0.095252 102400 / 139386
Loss : 0.110841 115200 / 139386
Loss : 0.060655 128000 / 139386
Test Error: 
 Accuracy: 97.2%, Avg loss: 0.087026 

Used Time : 0m 49.97s
Epoch 161 
 ㅡㅡㅡㅡㅡㅡㅡㅡㅡㅡㅡㅡㅡㅡㅡㅡㅡㅡㅡㅡㅡㅡㅡㅡㅡㅡㅡ
Loss : 0.017930     0 / 139386
Loss : 0.033526 12800 / 139386
Loss : 0.132143 25600 / 139386
Loss : 0.086018 38400 / 139386
Loss : 0.069667 51200 / 139386
Loss : 0.015752 64000 / 139386
Loss : 0.028613 76800 / 139386
Loss : 0.030291 89600 / 139386
Loss : 0.106911 102400 / 139386
Loss : 0.001856 115200 / 139386
Loss : 0.013457 128000 / 139386
Test Error: 
 Accuracy: 97.1%, Avg loss: 0.085580 

Used Time : 0m 50.14s
Epoch 162 
 ㅡㅡㅡㅡㅡㅡㅡㅡㅡㅡㅡㅡㅡㅡㅡㅡㅡㅡㅡㅡㅡㅡㅡㅡㅡㅡㅡ
Loss : 0.167167     0 / 139386
Loss : 0.002757 12800 / 139386
Loss : 0.058808 25600 / 139386
Loss : 0.009202 38400 / 139386
Loss : 0.007667 51200 / 139386
Loss : 0.081448 64000 / 139386
Loss : 0.111785 76800 / 139386
Loss : 0.069736 89600 / 139386
Loss : 0.024880 102400 / 139386
Loss : 0.055137 115200 / 139386
Loss : 0.120538 128000 / 139386
Test Error: 
 Accuracy: 97.1%, Avg loss: 0.090103 

Used Time : 0m 50.12s
Epoch 163 
 ㅡㅡㅡㅡㅡㅡㅡㅡㅡㅡㅡㅡㅡㅡㅡㅡㅡㅡㅡㅡㅡㅡㅡㅡㅡㅡㅡ
Loss : 0.009655     0 / 139386
Loss : 0.059837 12800 / 139386
Loss : 0.109496 25600 / 139386
Loss : 0.103336 38400 / 139386
Loss : 0.088285 51200 / 139386
Loss : 0.065791 64000 / 139386
Loss : 0.079156 76800 / 139386
Loss : 0.034141 89600 / 139386
Loss : 0.082303 102400 / 139386
Loss : 0.016811 115200 / 139386
Loss : 0.009769 128000 / 139386
Test Error: 
 Accuracy: 97.3%, Avg loss: 0.083114 

Used Time : 0m 49.71s
Epoch 164 
 ㅡㅡㅡㅡㅡㅡㅡㅡㅡㅡㅡㅡㅡㅡㅡㅡㅡㅡㅡㅡㅡㅡㅡㅡㅡㅡㅡ
Loss : 0.071525     0 / 139386
Loss : 0.113153 12800 / 139386
Loss : 0.018777 25600 / 139386
Loss : 0.076120 38400 / 139386
Loss : 0.063586 51200 / 139386
Loss : 0.069911 64000 / 139386
Loss : 0.072070 76800 / 139386
Loss : 0.072527 89600 / 139386
Loss : 0.184832 102400 / 139386
Loss : 0.184648 115200 / 139386
Loss : 0.021455 128000 / 139386
Test Error: 
 Accuracy: 97.3%, Avg loss: 0.089271 

Used Time : 0m 49.61s
Epoch 165 
 ㅡㅡㅡㅡㅡㅡㅡㅡㅡㅡㅡㅡㅡㅡㅡㅡㅡㅡㅡㅡㅡㅡㅡㅡㅡㅡㅡ
Loss : 0.090281     0 / 139386
Loss : 0.036066 12800 / 139386
Loss : 0.004114 25600 / 139386
Loss : 0.005989 38400 / 139386
Loss : 0.006602 51200 / 139386
Loss : 0.083933 64000 / 139386
Loss : 0.065041 76800 / 139386
Loss : 0.062838 89600 / 139386
Loss : 0.024871 102400 / 139386
Loss : 0.063888 115200 / 139386
Loss : 0.039775 128000 / 139386
Test Error: 
 Accuracy: 97.3%, Avg loss: 0.082304 

Used Time : 0m 49.95s
Epoch 166 
 ㅡㅡㅡㅡㅡㅡㅡㅡㅡㅡㅡㅡㅡㅡㅡㅡㅡㅡㅡㅡㅡㅡㅡㅡㅡㅡㅡ
Loss : 0.091294     0 / 139386
Loss : 0.058180 12800 / 139386
Loss : 0.049100 25600 / 139386
Loss : 0.016018 38400 / 139386
Loss : 0.057462 51200 / 139386
Loss : 0.016391 64000 / 139386
Loss : 0.033939 76800 / 139386
Loss : 0.007554 89600 / 139386
Loss : 0.099977 102400 / 139386
Loss : 0.036706 115200 / 139386
Loss : 0.147111 128000 / 139386
Test Error: 
 Accuracy: 97.2%, Avg loss: 0.081229 

Used Time : 0m 49.58s
Epoch 167 
 ㅡㅡㅡㅡㅡㅡㅡㅡㅡㅡㅡㅡㅡㅡㅡㅡㅡㅡㅡㅡㅡㅡㅡㅡㅡㅡㅡ
Loss : 0.027659     0 / 139386
Loss : 0.004798 12800 / 139386
Loss : 0.018571 25600 / 139386
Loss : 0.035120 38400 / 139386
Loss : 0.090297 51200 / 139386
Loss : 0.039682 64000 / 139386
Loss : 0.081245 76800 / 139386
Loss : 0.015136 89600 / 139386
Loss : 0.031043 102400 / 139386
Loss : 0.056279 115200 / 139386
Loss : 0.003449 128000 / 139386
Test Error: 
 Accuracy: 97.2%, Avg loss: 0.082206 

Used Time : 0m 50.49s
Epoch 168 
 ㅡㅡㅡㅡㅡㅡㅡㅡㅡㅡㅡㅡㅡㅡㅡㅡㅡㅡㅡㅡㅡㅡㅡㅡㅡㅡㅡ
Loss : 0.010951     0 / 139386
Loss : 0.049327 12800 / 139386
Loss : 0.002171 25600 / 139386
Loss : 0.101088 38400 / 139386
Loss : 0.011092 51200 / 139386
Loss : 0.196165 64000 / 139386
Loss : 0.059511 76800 / 139386
Loss : 0.050712 89600 / 139386
Loss : 0.050934 102400 / 139386
Loss : 0.196784 115200 / 139386
Loss : 0.118356 128000 / 139386
Test Error: 
 Accuracy: 97.3%, Avg loss: 0.081712 

Used Time : 0m 49.59s
Epoch 169 
 ㅡㅡㅡㅡㅡㅡㅡㅡㅡㅡㅡㅡㅡㅡㅡㅡㅡㅡㅡㅡㅡㅡㅡㅡㅡㅡㅡ
Loss : 0.033655     0 / 139386
Loss : 0.004001 12800 / 139386
Loss : 0.138320 25600 / 139386
Loss : 0.179723 38400 / 139386
Loss : 0.046725 51200 / 139386
Loss : 0.044126 64000 / 139386
Loss : 0.129980 76800 / 139386
Loss : 0.269710 89600 / 139386
Loss : 0.086243 102400 / 139386
Loss : 0.076632 115200 / 139386
Loss : 0.007110 128000 / 139386
Test Error: 
 Accuracy: 97.2%, Avg loss: 0.085951 

Used Time : 0m 49.94s
Epoch 170 
 ㅡㅡㅡㅡㅡㅡㅡㅡㅡㅡㅡㅡㅡㅡㅡㅡㅡㅡㅡㅡㅡㅡㅡㅡㅡㅡㅡ
Loss : 0.002463     0 / 139386
Loss : 0.213922 12800 / 139386
Loss : 0.139831 25600 / 139386
Loss : 0.025857 38400 / 139386
Loss : 0.055434 51200 / 139386
Loss : 0.075978 64000 / 139386
Loss : 0.018346 76800 / 139386
Loss : 0.012431 89600 / 139386
Loss : 0.177175 102400 / 139386
Loss : 0.027321 115200 / 139386
Loss : 0.031244 128000 / 139386
Test Error: 
 Accuracy: 97.3%, Avg loss: 0.083429 

Used Time : 0m 50.01s
Epoch 171 
 ㅡㅡㅡㅡㅡㅡㅡㅡㅡㅡㅡㅡㅡㅡㅡㅡㅡㅡㅡㅡㅡㅡㅡㅡㅡㅡㅡ
Loss : 0.007423     0 / 139386
Loss : 0.045154 12800 / 139386
Loss : 0.031730 25600 / 139386
Loss : 0.025677 38400 / 139386
Loss : 0.109978 51200 / 139386
Loss : 0.005793 64000 / 139386
Loss : 0.094554 76800 / 139386
Loss : 0.169728 89600 / 139386
Loss : 0.081374 102400 / 139386
Loss : 0.005413 115200 / 139386
Loss : 0.135794 128000 / 139386
Test Error: 
 Accuracy: 97.1%, Avg loss: 0.090271 

Used Time : 0m 50.26s
Epoch 172 
 ㅡㅡㅡㅡㅡㅡㅡㅡㅡㅡㅡㅡㅡㅡㅡㅡㅡㅡㅡㅡㅡㅡㅡㅡㅡㅡㅡ
Loss : 0.012827     0 / 139386
Loss : 0.023418 12800 / 139386
Loss : 0.078895 25600 / 139386
Loss : 0.037494 38400 / 139386
Loss : 0.037220 51200 / 139386
Loss : 0.085208 64000 / 139386
Loss : 0.120650 76800 / 139386
Loss : 0.025251 89600 / 139386
Loss : 0.124243 102400 / 139386
Loss : 0.087213 115200 / 139386
Loss : 0.119421 128000 / 139386
Test Error: 
 Accuracy: 97.3%, Avg loss: 0.082986 

Used Time : 0m 49.33s
Epoch 173 
 ㅡㅡㅡㅡㅡㅡㅡㅡㅡㅡㅡㅡㅡㅡㅡㅡㅡㅡㅡㅡㅡㅡㅡㅡㅡㅡㅡ
Loss : 0.014207     0 / 139386
Loss : 0.073198 12800 / 139386
Loss : 0.019699 25600 / 139386
Loss : 0.021357 38400 / 139386
Loss : 0.155679 51200 / 139386
Loss : 0.135163 64000 / 139386
Loss : 0.035512 76800 / 139386
Loss : 0.076341 89600 / 139386
Loss : 0.009210 102400 / 139386
Loss : 0.004498 115200 / 139386
Loss : 0.033692 128000 / 139386
Test Error: 
 Accuracy: 97.4%, Avg loss: 0.080277 

Used Time : 0m 49.30s
Epoch 174 
 ㅡㅡㅡㅡㅡㅡㅡㅡㅡㅡㅡㅡㅡㅡㅡㅡㅡㅡㅡㅡㅡㅡㅡㅡㅡㅡㅡ
Loss : 0.059118     0 / 139386
Loss : 0.059174 12800 / 139386
Loss : 0.018344 25600 / 139386
Loss : 0.013695 38400 / 139386
Loss : 0.050747 51200 / 139386
Loss : 0.116287 64000 / 139386
Loss : 0.099355 76800 / 139386
Loss : 0.012508 89600 / 139386
Loss : 0.034544 102400 / 139386
Loss : 0.044135 115200 / 139386
Loss : 0.153303 128000 / 139386
Test Error: 
 Accuracy: 97.4%, Avg loss: 0.082881 

Used Time : 0m 50.23s
Epoch 175 
 ㅡㅡㅡㅡㅡㅡㅡㅡㅡㅡㅡㅡㅡㅡㅡㅡㅡㅡㅡㅡㅡㅡㅡㅡㅡㅡㅡ
Loss : 0.141718     0 / 139386
Loss : 0.094775 12800 / 139386
Loss : 0.030704 25600 / 139386
Loss : 0.015302 38400 / 139386
Loss : 0.189271 51200 / 139386
Loss : 0.129060 64000 / 139386
Loss : 0.035420 76800 / 139386
Loss : 0.216630 89600 / 139386
Loss : 0.078068 102400 / 139386
Loss : 0.058983 115200 / 139386
Loss : 0.020609 128000 / 139386
Test Error: 
 Accuracy: 97.5%, Avg loss: 0.078136 

Used Time : 0m 50.41s
Epoch 176 
 ㅡㅡㅡㅡㅡㅡㅡㅡㅡㅡㅡㅡㅡㅡㅡㅡㅡㅡㅡㅡㅡㅡㅡㅡㅡㅡㅡ
Loss : 0.011788     0 / 139386
Loss : 0.021161 12800 / 139386
Loss : 0.054535 25600 / 139386
Loss : 0.059346 38400 / 139386
Loss : 0.023521 51200 / 139386
Loss : 0.057238 64000 / 139386
Loss : 0.048146 76800 / 139386
Loss : 0.016714 89600 / 139386
Loss : 0.080132 102400 / 139386
Loss : 0.082326 115200 / 139386
Loss : 0.153447 128000 / 139386
Test Error: 
 Accuracy: 97.2%, Avg loss: 0.083773 

Used Time : 0m 50.15s
Epoch 177 
 ㅡㅡㅡㅡㅡㅡㅡㅡㅡㅡㅡㅡㅡㅡㅡㅡㅡㅡㅡㅡㅡㅡㅡㅡㅡㅡㅡ
Loss : 0.054648     0 / 139386
Loss : 0.119369 12800 / 139386
Loss : 0.003671 25600 / 139386
Loss : 0.239540 38400 / 139386
Loss : 0.039209 51200 / 139386
Loss : 0.051312 64000 / 139386
Loss : 0.072936 76800 / 139386
Loss : 0.200022 89600 / 139386
Loss : 0.028036 102400 / 139386
Loss : 0.002732 115200 / 139386
Loss : 0.059935 128000 / 139386
Test Error: 
 Accuracy: 97.3%, Avg loss: 0.081001 

Used Time : 0m 49.57s
Epoch 178 
 ㅡㅡㅡㅡㅡㅡㅡㅡㅡㅡㅡㅡㅡㅡㅡㅡㅡㅡㅡㅡㅡㅡㅡㅡㅡㅡㅡ
Loss : 0.016252     0 / 139386
Loss : 0.017724 12800 / 139386
Loss : 0.010931 25600 / 139386
Loss : 0.273727 38400 / 139386
Loss : 0.065147 51200 / 139386
Loss : 0.012385 64000 / 139386
Loss : 0.030980 76800 / 139386
Loss : 0.059921 89600 / 139386
Loss : 0.075263 102400 / 139386
Loss : 0.058951 115200 / 139386
Loss : 0.019511 128000 / 139386
Test Error: 
 Accuracy: 97.5%, Avg loss: 0.079143 

Used Time : 0m 49.80s
Epoch 179 
 ㅡㅡㅡㅡㅡㅡㅡㅡㅡㅡㅡㅡㅡㅡㅡㅡㅡㅡㅡㅡㅡㅡㅡㅡㅡㅡㅡ
Loss : 0.108234     0 / 139386
Loss : 0.052384 12800 / 139386
Loss : 0.097996 25600 / 139386
Loss : 0.138745 38400 / 139386
Loss : 0.076074 51200 / 139386
Loss : 0.001714 64000 / 139386
Loss : 0.007940 76800 / 139386
Loss : 0.034905 89600 / 139386
Loss : 0.096792 102400 / 139386
Loss : 0.111142 115200 / 139386
Loss : 0.058590 128000 / 139386
Test Error: 
 Accuracy: 97.6%, Avg loss: 0.079405 

Used Time : 0m 49.97s
Epoch 180 
 ㅡㅡㅡㅡㅡㅡㅡㅡㅡㅡㅡㅡㅡㅡㅡㅡㅡㅡㅡㅡㅡㅡㅡㅡㅡㅡㅡ
Loss : 0.006494     0 / 139386
Loss : 0.137322 12800 / 139386
Loss : 0.018742 25600 / 139386
Loss : 0.033518 38400 / 139386
Loss : 0.049960 51200 / 139386
Loss : 0.007557 64000 / 139386
Loss : 0.112662 76800 / 139386
Loss : 0.073914 89600 / 139386
Loss : 0.077692 102400 / 139386
Loss : 0.104424 115200 / 139386
Loss : 0.034781 128000 / 139386
Test Error: 
 Accuracy: 97.3%, Avg loss: 0.082396 

Used Time : 0m 50.21s
Epoch 181 
 ㅡㅡㅡㅡㅡㅡㅡㅡㅡㅡㅡㅡㅡㅡㅡㅡㅡㅡㅡㅡㅡㅡㅡㅡㅡㅡㅡ
Loss : 0.029183     0 / 139386
Loss : 0.015032 12800 / 139386
Loss : 0.126061 25600 / 139386
Loss : 0.067563 38400 / 139386
Loss : 0.138764 51200 / 139386
Loss : 0.306231 64000 / 139386
Loss : 0.066347 76800 / 139386
Loss : 0.019371 89600 / 139386
Loss : 0.133755 102400 / 139386
Loss : 0.151044 115200 / 139386
Loss : 0.143965 128000 / 139386
Test Error: 
 Accuracy: 97.5%, Avg loss: 0.078487 

Used Time : 0m 49.69s
Epoch 182 
 ㅡㅡㅡㅡㅡㅡㅡㅡㅡㅡㅡㅡㅡㅡㅡㅡㅡㅡㅡㅡㅡㅡㅡㅡㅡㅡㅡ
Loss : 0.036624     0 / 139386
Loss : 0.062251 12800 / 139386
Loss : 0.007251 25600 / 139386
Loss : 0.040602 38400 / 139386
Loss : 0.110972 51200 / 139386
Loss : 0.069861 64000 / 139386
Loss : 0.014146 76800 / 139386
Loss : 0.145808 89600 / 139386
Loss : 0.053979 102400 / 139386
Loss : 0.056609 115200 / 139386
Loss : 0.015463 128000 / 139386
Test Error: 
 Accuracy: 97.5%, Avg loss: 0.080528 

Used Time : 0m 49.69s
Epoch 183 
 ㅡㅡㅡㅡㅡㅡㅡㅡㅡㅡㅡㅡㅡㅡㅡㅡㅡㅡㅡㅡㅡㅡㅡㅡㅡㅡㅡ
Loss : 0.049925     0 / 139386
Loss : 0.026729 12800 / 139386
Loss : 0.049655 25600 / 139386
Loss : 0.004543 38400 / 139386
Loss : 0.042591 51200 / 139386
Loss : 0.037002 64000 / 139386
Loss : 0.035190 76800 / 139386
Loss : 0.006666 89600 / 139386
Loss : 0.145247 102400 / 139386
Loss : 0.010699 115200 / 139386
Loss : 0.118604 128000 / 139386
Test Error: 
 Accuracy: 97.5%, Avg loss: 0.083836 

Used Time : 0m 49.74s
Epoch 184 
 ㅡㅡㅡㅡㅡㅡㅡㅡㅡㅡㅡㅡㅡㅡㅡㅡㅡㅡㅡㅡㅡㅡㅡㅡㅡㅡㅡ
Loss : 0.037470     0 / 139386
Loss : 0.016065 12800 / 139386
Loss : 0.029990 25600 / 139386
Loss : 0.072348 38400 / 139386
Loss : 0.128892 51200 / 139386
Loss : 0.034786 64000 / 139386
Loss : 0.092050 76800 / 139386
Loss : 0.151691 89600 / 139386
Loss : 0.108267 102400 / 139386
Loss : 0.090570 115200 / 139386
Loss : 0.018555 128000 / 139386
Test Error: 
 Accuracy: 97.5%, Avg loss: 0.079629 

Used Time : 0m 49.55s
Epoch 185 
 ㅡㅡㅡㅡㅡㅡㅡㅡㅡㅡㅡㅡㅡㅡㅡㅡㅡㅡㅡㅡㅡㅡㅡㅡㅡㅡㅡ
Loss : 0.020440     0 / 139386
Loss : 0.013015 12800 / 139386
Loss : 0.027592 25600 / 139386
Loss : 0.015438 38400 / 139386
Loss : 0.009791 51200 / 139386
Loss : 0.037548 64000 / 139386
Loss : 0.103483 76800 / 139386
Loss : 0.102871 89600 / 139386
Loss : 0.078552 102400 / 139386
Loss : 0.039821 115200 / 139386
Loss : 0.020199 128000 / 139386
Test Error: 
 Accuracy: 97.1%, Avg loss: 0.084116 

Used Time : 0m 49.14s
Epoch 186 
 ㅡㅡㅡㅡㅡㅡㅡㅡㅡㅡㅡㅡㅡㅡㅡㅡㅡㅡㅡㅡㅡㅡㅡㅡㅡㅡㅡ
Loss : 0.018301     0 / 139386
Loss : 0.165521 12800 / 139386
Loss : 0.169604 25600 / 139386
Loss : 0.004286 38400 / 139386
Loss : 0.010120 51200 / 139386
Loss : 0.069910 64000 / 139386
Loss : 0.275935 76800 / 139386
Loss : 0.036800 89600 / 139386
Loss : 0.312666 102400 / 139386
Loss : 0.020355 115200 / 139386
Loss : 0.093119 128000 / 139386
Test Error: 
 Accuracy: 97.6%, Avg loss: 0.075368 

Used Time : 0m 49.81s
Epoch 187 
 ㅡㅡㅡㅡㅡㅡㅡㅡㅡㅡㅡㅡㅡㅡㅡㅡㅡㅡㅡㅡㅡㅡㅡㅡㅡㅡㅡ
Loss : 0.034584     0 / 139386
Loss : 0.019165 12800 / 139386
Loss : 0.134073 25600 / 139386
Loss : 0.057820 38400 / 139386
Loss : 0.024144 51200 / 139386
Loss : 0.165681 64000 / 139386
Loss : 0.165947 76800 / 139386
Loss : 0.021579 89600 / 139386
Loss : 0.047874 102400 / 139386
Loss : 0.007653 115200 / 139386
Loss : 0.003385 128000 / 139386
Test Error: 
 Accuracy: 97.4%, Avg loss: 0.079816 

Used Time : 0m 49.92s
Epoch 188 
 ㅡㅡㅡㅡㅡㅡㅡㅡㅡㅡㅡㅡㅡㅡㅡㅡㅡㅡㅡㅡㅡㅡㅡㅡㅡㅡㅡ
Loss : 0.085162     0 / 139386
Loss : 0.150231 12800 / 139386
Loss : 0.063522 25600 / 139386
Loss : 0.058548 38400 / 139386
Loss : 0.073430 51200 / 139386
Loss : 0.165769 64000 / 139386
Loss : 0.126110 76800 / 139386
Loss : 0.049980 89600 / 139386
Loss : 0.032311 102400 / 139386
Loss : 0.011734 115200 / 139386
Loss : 0.051183 128000 / 139386
Test Error: 
 Accuracy: 97.2%, Avg loss: 0.084542 

Used Time : 0m 50.55s
Epoch 189 
 ㅡㅡㅡㅡㅡㅡㅡㅡㅡㅡㅡㅡㅡㅡㅡㅡㅡㅡㅡㅡㅡㅡㅡㅡㅡㅡㅡ
Loss : 0.190257     0 / 139386
Loss : 0.004041 12800 / 139386
Loss : 0.116345 25600 / 139386
Loss : 0.064303 38400 / 139386
Loss : 0.049311 51200 / 139386
Loss : 0.044270 64000 / 139386
Loss : 0.019879 76800 / 139386
Loss : 0.050411 89600 / 139386
Loss : 0.029098 102400 / 139386
Loss : 0.120351 115200 / 139386
Loss : 0.003719 128000 / 139386
Test Error: 
 Accuracy: 97.5%, Avg loss: 0.078054 

Used Time : 0m 50.48s
Epoch 190 
 ㅡㅡㅡㅡㅡㅡㅡㅡㅡㅡㅡㅡㅡㅡㅡㅡㅡㅡㅡㅡㅡㅡㅡㅡㅡㅡㅡ
Loss : 0.072035     0 / 139386
Loss : 0.057374 12800 / 139386
Loss : 0.012122 25600 / 139386
Loss : 0.063680 38400 / 139386
Loss : 0.048040 51200 / 139386
Loss : 0.006994 64000 / 139386
Loss : 0.068555 76800 / 139386
Loss : 0.032622 89600 / 139386
Loss : 0.048266 102400 / 139386
Loss : 0.009079 115200 / 139386
Loss : 0.054330 128000 / 139386
Test Error: 
 Accuracy: 97.3%, Avg loss: 0.083330 

Used Time : 0m 50.62s
Epoch 191 
 ㅡㅡㅡㅡㅡㅡㅡㅡㅡㅡㅡㅡㅡㅡㅡㅡㅡㅡㅡㅡㅡㅡㅡㅡㅡㅡㅡ
Loss : 0.049321     0 / 139386
Loss : 0.050064 12800 / 139386
Loss : 0.059590 25600 / 139386
Loss : 0.103441 38400 / 139386
Loss : 0.005818 51200 / 139386
Loss : 0.078723 64000 / 139386
Loss : 0.100434 76800 / 139386
Loss : 0.119878 89600 / 139386
Loss : 0.121850 102400 / 139386
Loss : 0.004613 115200 / 139386
Loss : 0.084538 128000 / 139386
Test Error: 
 Accuracy: 97.5%, Avg loss: 0.079261 

Used Time : 0m 49.58s
Epoch 192 
 ㅡㅡㅡㅡㅡㅡㅡㅡㅡㅡㅡㅡㅡㅡㅡㅡㅡㅡㅡㅡㅡㅡㅡㅡㅡㅡㅡ
Loss : 0.124425     0 / 139386
Loss : 0.003681 12800 / 139386
Loss : 0.043841 25600 / 139386
Loss : 0.007956 38400 / 139386
Loss : 0.177994 51200 / 139386
Loss : 0.149700 64000 / 139386
Loss : 0.086486 76800 / 139386
Loss : 0.053658 89600 / 139386
Loss : 0.008369 102400 / 139386
Loss : 0.067704 115200 / 139386
Loss : 0.017949 128000 / 139386
Test Error: 
 Accuracy: 97.5%, Avg loss: 0.076096 

Used Time : 0m 49.97s
Epoch 193 
 ㅡㅡㅡㅡㅡㅡㅡㅡㅡㅡㅡㅡㅡㅡㅡㅡㅡㅡㅡㅡㅡㅡㅡㅡㅡㅡㅡ
Loss : 0.030106     0 / 139386
Loss : 0.205597 12800 / 139386
Loss : 0.014257 25600 / 139386
Loss : 0.117109 38400 / 139386
Loss : 0.091548 51200 / 139386
Loss : 0.144617 64000 / 139386
Loss : 0.046695 76800 / 139386
Loss : 0.031289 89600 / 139386
Loss : 0.005536 102400 / 139386
Loss : 0.029370 115200 / 139386
Loss : 0.054314 128000 / 139386
Test Error: 
 Accuracy: 97.8%, Avg loss: 0.075932 

Used Time : 0m 50.02s
Epoch 194 
 ㅡㅡㅡㅡㅡㅡㅡㅡㅡㅡㅡㅡㅡㅡㅡㅡㅡㅡㅡㅡㅡㅡㅡㅡㅡㅡㅡ
Loss : 0.003255     0 / 139386
Loss : 0.165264 12800 / 139386
Loss : 0.010922 25600 / 139386
Loss : 0.076348 38400 / 139386
Loss : 0.055394 51200 / 139386
Loss : 0.114236 64000 / 139386
Loss : 0.165260 76800 / 139386
Loss : 0.029947 89600 / 139386
Loss : 0.064624 102400 / 139386
Loss : 0.093461 115200 / 139386
Loss : 0.034824 128000 / 139386
Test Error: 
 Accuracy: 97.4%, Avg loss: 0.077403 

Used Time : 0m 50.09s
Epoch 195 
 ㅡㅡㅡㅡㅡㅡㅡㅡㅡㅡㅡㅡㅡㅡㅡㅡㅡㅡㅡㅡㅡㅡㅡㅡㅡㅡㅡ
Loss : 0.138948     0 / 139386
Loss : 0.041760 12800 / 139386
Loss : 0.008721 25600 / 139386
Loss : 0.031943 38400 / 139386
Loss : 0.031434 51200 / 139386
Loss : 0.075310 64000 / 139386
Loss : 0.123408 76800 / 139386
Loss : 0.101967 89600 / 139386
Loss : 0.020575 102400 / 139386
Loss : 0.118616 115200 / 139386
Loss : 0.133566 128000 / 139386
Test Error: 
 Accuracy: 97.4%, Avg loss: 0.081203 

Used Time : 0m 49.89s
Epoch 196 
 ㅡㅡㅡㅡㅡㅡㅡㅡㅡㅡㅡㅡㅡㅡㅡㅡㅡㅡㅡㅡㅡㅡㅡㅡㅡㅡㅡ
Loss : 0.041488     0 / 139386
Loss : 0.003514 12800 / 139386
Loss : 0.084321 25600 / 139386
Loss : 0.037911 38400 / 139386
Loss : 0.053222 51200 / 139386
Loss : 0.003309 64000 / 139386
Loss : 0.018093 76800 / 139386
Loss : 0.010139 89600 / 139386
Loss : 0.010879 102400 / 139386
Loss : 0.011730 115200 / 139386
Loss : 0.127089 128000 / 139386
Test Error: 
 Accuracy: 97.5%, Avg loss: 0.083115 

Used Time : 0m 49.90s
Epoch 197 
 ㅡㅡㅡㅡㅡㅡㅡㅡㅡㅡㅡㅡㅡㅡㅡㅡㅡㅡㅡㅡㅡㅡㅡㅡㅡㅡㅡ
Loss : 0.072383     0 / 139386
Loss : 0.129057 12800 / 139386
Loss : 0.140712 25600 / 139386
Loss : 0.008351 38400 / 139386
Loss : 0.047456 51200 / 139386
Loss : 0.027417 64000 / 139386
Loss : 0.011632 76800 / 139386
Loss : 0.110937 89600 / 139386
Loss : 0.017960 102400 / 139386
Loss : 0.063421 115200 / 139386
Loss : 0.218070 128000 / 139386
Test Error: 
 Accuracy: 97.5%, Avg loss: 0.080891 

Used Time : 0m 50.08s
Epoch 198 
 ㅡㅡㅡㅡㅡㅡㅡㅡㅡㅡㅡㅡㅡㅡㅡㅡㅡㅡㅡㅡㅡㅡㅡㅡㅡㅡㅡ
Loss : 0.150193     0 / 139386
Loss : 0.182516 12800 / 139386
Loss : 0.046893 25600 / 139386
Loss : 0.139590 38400 / 139386
Loss : 0.055780 51200 / 139386
Loss : 0.139831 64000 / 139386
Loss : 0.099745 76800 / 139386
Loss : 0.191769 89600 / 139386
Loss : 0.068269 102400 / 139386
Loss : 0.001090 115200 / 139386
Loss : 0.106916 128000 / 139386
Test Error: 
 Accuracy: 97.6%, Avg loss: 0.078913 

Used Time : 0m 50.21s
Epoch 199 
 ㅡㅡㅡㅡㅡㅡㅡㅡㅡㅡㅡㅡㅡㅡㅡㅡㅡㅡㅡㅡㅡㅡㅡㅡㅡㅡㅡ
Loss : 0.000919     0 / 139386
Loss : 0.047178 12800 / 139386
Loss : 0.074930 25600 / 139386
Loss : 0.042986 38400 / 139386
Loss : 0.005182 51200 / 139386
Loss : 0.082745 64000 / 139386
Loss : 0.031962 76800 / 139386
Loss : 0.052495 89600 / 139386
Loss : 0.052541 102400 / 139386
Loss : 0.019620 115200 / 139386
Loss : 0.038010 128000 / 139386
Test Error: 
 Accuracy: 97.4%, Avg loss: 0.081624 

Used Time : 0m 50.03s
Epoch 200 
 ㅡㅡㅡㅡㅡㅡㅡㅡㅡㅡㅡㅡㅡㅡㅡㅡㅡㅡㅡㅡㅡㅡㅡㅡㅡㅡㅡ
Loss : 0.051758     0 / 139386
Loss : 0.085450 12800 / 139386
Loss : 0.071503 25600 / 139386
Loss : 0.130096 38400 / 139386
Loss : 0.078090 51200 / 139386
Loss : 0.052935 64000 / 139386
Loss : 0.124811 76800 / 139386
Loss : 0.072075 89600 / 139386
Loss : 0.014288 102400 / 139386
Loss : 0.078756 115200 / 139386
Loss : 0.035983 128000 / 139386
Test Error: 
 Accuracy: 97.6%, Avg loss: 0.073811 

Used Time : 0m 49.79s
Finished!
