analyzing : 읽어올 경로는 /storage/emulated/0/Android/data/com.peoples.hear_for_you/files/audio.wav
anaylzing : 저장할 경로는 /storage/emulated/0/Android/data/com.peoples.hear_for_you/files/cuttedFile.wav입니다
analyzing : 전송할 파일은 /storage/emulated/0/Android/data/com.peoples.hear_for_you/files/cuttedFile.wav
analyzing : dioError 발생하여 재실행 : [DioError, [DioErrorType.other]:, HttpException:, Content, size, exceeds, specified, contentLength., 32354, bytes]
analyzing : 읽어올 경로는 /storage/emulated/0/Android/data/com.peoples.hear_for_you/files/audio.wav
anaylzing : 저장할 경로는 /storage/emulated/0/Android/data/com.peoples.hear_for_you/files/cuttedFile.wav입니다
analyzing : 전송할 파일은 /storage/emulated/0/Android/data/com.peoples.hear_for_you/files/cuttedFile.wav
analyzing : 서버와 통신에 성공했습니다.
analyzing : 읽어올 경로는 /storage/emulated/0/Android/data/com.peoples.hear_for_you/files/audio.wav
anaylzing : 저장할 경로는 /storage/emulated/0/Android/data/com.peoples.hear_for_you/files/cuttedFile.wav입니다
analyzing : 전송할 파일은 /storage/emulated/0/Android/data/com.peoples.hear_for_you/files/cuttedFile.wav
analyzing : 서버와 통신에 성공했습니다.
analyzing : 읽어올 경로는 /storage/emulated/0/Android/data/com.peoples.hear_for_you/files/audio.wav
analyzing : 읽어올 경로는 /storage/emulated/0/Android/data/com.peoples.hear_for_you/files/audio.wav
anaylzing : 저장할 경로는 /storage/emulated/0/Android/data/com.peoples.hear_for_you/files/cuttedFile.wav입니다
analyzing : 전송할 파일은 /storage/emulated/0/Android/data/com.peoples.hear_for_you/files/cuttedFile.wav
analyzing : 서버와 통신에 성공했습니다.
analyzing : 읽어올 경로는 /storage/emulated/0/Android/data/com.peoples.hear_for_you/files/audio.wav
analyzing : 읽어올 경로는 /storage/emulated/0/Android/data/com.peoples.hear_for_you/files/audio.wav
anaylzing : 저장할 경로는 /storage/emulated/0/Android/data/com.peoples.hear_for_you/files/cuttedFile.wav입니다
analyzing : 전송할 파일은 /storage/emulated/0/Android/data/com.peoples.hear_for_you/files/cuttedFile.wav
analyzing : 서버와 통신에 성공했습니다.
analyzing : 읽어올 경로는 /storage/emulated/0/Android/data/com.peoples.hear_for_you/files/audio.wav
analyzing : 읽어올 경로는 /storage/emulated/0/Android/data/com.peoples.hear_for_you/files/audio.wav
analyzing : 읽어올 경로는 /storage/emulated/0/Android/data/com.peoples.hear_for_you/files/audio.wav
analyzing : 읽어올 경로는 /storage/emulated/0/Android/data/com.peoples.hear_for_you/files/audio.wav
anaylzing : 저장할 경로는 /storage/emulated/0/Android/data/com.peoples.hear_for_you/files/cuttedFile.wav입니다
analyzing : 전송할 파일은 /storage/emulated/0/Android/data/com.peoples.hear_for_you/files/cuttedFile.wav
analyzing : 서버와 통신에 성공했습니다.
analyzing : 읽어올 경로는 /storage/emulated/0/Android/data/com.peoples.hear_for_you/files/audio.wav
analyzing : 읽어올 경로는 /storage/emulated/0/Android/data/com.peoples.hear_for_you/files/audio.wav
analyzing : 읽어올 경로는 /storage/emulated/0/Android/data/com.peoples.hear_for_you/files/audio.wav
analyzing : 읽어올 경로는 /storage/emulated/0/Android/data/com.peoples.hear_for_you/files/audio.wav
analyzing : 읽어올 경로는 /storage/emulated/0/Android/data/com.peoples.hear_for_you/files/audio.wav
analyzing : 읽어올 경로는 /storage/emulated/0/Android/data/com.peoples.hear_for_you/files/audio.wav
anaylzing : 저장할 경로는 /storage/emulated/0/Android/data/com.peoples.hear_for_you/files/cuttedFile.wav입니다
analyzing : 전송할 파일은 /storage/emulated/0/Android/data/com.peoples.hear_for_you/files/cuttedFile.wav
analyzing : 에러가 발생했습니다 : FileSystemException
analyzing : 로그 서버로 전송 시도
